<?xml version="1.0" encoding="UTF-8" standalone="yes"?><!DOCTYPE report PUBLIC "-//JACOCO//DTD Report 1.1//EN" "report.dtd"><report name="Partage API du serveur du module Réclamation des éléments de paie"><sessioninfo id="CYK-e5806d3d" start="1789117921909" dump="1789117922822"/><package name="ci/gouv/dgbf/system/payrollelementrequest/server/api/shared"><class name="ci/gouv/dgbf/system/payrollelementrequest/server/api/shared/HasDeferableDto" sourcefilename="HasDeferableDto.java"/><class name="ci/gouv/dgbf/system/payrollelementrequest/server/api/shared/HasClaimTypeGroupIdentifierDto" sourcefilename="HasClaimTypeGroupIdentifierDto.java"/><class name="ci/gouv/dgbf/system/payrollelementrequest/server/api/shared/HasSendableToLitigationDto" sourcefilename="HasSendableToLitigationDto.java"/><class name="ci/gouv/dgbf/system/payrollelementrequest/server/api/shared/HasSubmittableDto" sourcefilename="HasSubmittableDto.java"/><class name="ci/gouv/dgbf/system/payrollelementrequest/server/api/shared/HasAcceptableDto" sourcefilename="HasAcceptableDto.java"/><class name="ci/gouv/dgbf/system/payrollelementrequest/server/api/shared/HasClaimTypeGroupAsStringDto" sourcefilename="HasClaimTypeGroupAsStringDto.java"/><class name="ci/gouv/dgbf/system/payrollelementrequest/server/api/shared/HasTakeChargeableDto" sourcefilename="HasTakeChargeableDto.java"/><class name="ci/gouv/dgbf/system/payrollelementrequest/server/api/shared/HasRejectableDto" sourcefilename="HasRejectableDto.java"/><sourcefile name="HasClaimTypeGroupIdentifierDto.java"/><sourcefile name="HasDeferableDto.java"/><sourcefile name="HasRejectableDto.java"/><sourcefile name="HasSendableToLitigationDto.java"/><sourcefile name="HasClaimTypeGroupAsStringDto.java"/><sourcefile name="HasAcceptableDto.java"/><sourcefile name="HasSubmittableDto.java"/><sourcefile name="HasTakeChargeableDto.java"/></package></report>