<?xml version="1.0" encoding="UTF-8" standalone="yes"?><!DOCTYPE report PUBLIC "-//JACOCO//DTD Report 1.1//EN" "report.dtd"><report name="Partage API du serveur du module Réclamation des éléments de paie"><sessioninfo id="CYK-5a4c0a9" start="1788259450703" dump="1788259451546"/><package name="ci/gouv/dgbf/system/payrollelementrequest/server/api/shared"><class name="ci/gouv/dgbf/system/payrollelementrequest/server/api/shared/HasClaimTypeGroupIdentifierDto" sourcefilename="HasClaimTypeGroupIdentifierDto.java"/><class name="ci/gouv/dgbf/system/payrollelementrequest/server/api/shared/HasSubmittableDto" sourcefilename="HasSubmittableDto.java"/><class name="ci/gouv/dgbf/system/payrollelementrequest/server/api/shared/HasClaimTypeGroupAsStringDto" sourcefilename="HasClaimTypeGroupAsStringDto.java"/><sourcefile name="HasClaimTypeGroupIdentifierDto.java"/><sourcefile name="HasClaimTypeGroupAsStringDto.java"/><sourcefile name="HasSubmittableDto.java"/></package></report>