<?xml version="1.0" encoding="UTF-8" standalone="yes"?><!DOCTYPE report PUBLIC "-//JACOCO//DTD Report 1.1//EN" "report.dtd"><report name="Partage de API du serveur du module de gestion des employes"><sessioninfo id="CYK-dfc8affe" start="1748592709641" dump="1748592710474"/><package name="ci/gouv/dgbf/system/employee/server/api/shared"><class name="ci/gouv/dgbf/system/employee/server/api/shared/HasEmployeeIdentifierDto" sourcefilename="HasEmployeeIdentifierDto.java"/><class name="ci/gouv/dgbf/system/employee/server/api/shared/HasEmployeeIdentifier" sourcefilename="HasEmployeeIdentifier.java"/><class name="ci/gouv/dgbf/system/employee/server/api/shared/HasEmployeeAsString" sourcefilename="HasEmployeeAsString.java"/><class name="ci/gouv/dgbf/system/employee/server/api/shared/HasEmployeePayrollComponentIdentifierDto" sourcefilename="HasEmployeePayrollComponentIdentifierDto.java"/><class name="ci/gouv/dgbf/system/employee/server/api/shared/EmployeeIdentifierFilter" sourcefilename="EmployeeIdentifierFilter.java"><method name="get" desc="(Lci/gouv/dgbf/extension/server/service/api/request/FilterDto;)Ljava/lang/String;" line="24"><counter type="INSTRUCTION" missed="0" covered="5"/><counter type="LINE" missed="0" covered="1"/><counter type="COMPLEXITY" missed="0" covered="1"/><counter type="METHOD" missed="0" covered="1"/></method><method name="set" desc="(Lci/gouv/dgbf/extension/server/service/api/request/FilterDto;Ljava/lang/String;)V" line="34"><counter type="INSTRUCTION" missed="0" covered="7"/><counter type="LINE" missed="0" covered="2"/><counter type="COMPLEXITY" missed="0" covered="1"/><counter type="METHOD" missed="0" covered="1"/></method><method name="lambda$set$2" desc="(Ljava/lang/String;Lci/gouv/dgbf/extension/server/service/api/request/FieldDto;)V" line="34"><counter type="INSTRUCTION" missed="0" covered="4"/><counter type="LINE" missed="0" covered="1"/><counter type="COMPLEXITY" missed="0" covered="1"/><counter type="METHOD" missed="0" covered="1"/></method><method name="lambda$set$1" desc="(Lci/gouv/dgbf/extension/server/service/api/request/FieldDto;)Ljava/lang/Object;" line="34"><counter type="INSTRUCTION" missed="3" covered="0"/><counter type="LINE" missed="1" covered="0"/><counter type="COMPLEXITY" missed="1" covered="0"/><counter type="METHOD" missed="1" covered="0"/></method><method name="lambda$get$0" desc="(Lci/gouv/dgbf/extension/server/service/api/request/FilterDto;)Ljava/lang/String;" line="24"><counter type="INSTRUCTION" missed="0" covered="4"/><counter type="LINE" missed="0" covered="1"/><counter type="COMPLEXITY" missed="0" covered="1"/><counter type="METHOD" missed="0" covered="1"/></method><counter type="INSTRUCTION" missed="3" covered="20"/><counter type="LINE" missed="0" covered="3"/><counter type="COMPLEXITY" missed="1" covered="4"/><counter type="METHOD" missed="1" covered="4"/><counter type="CLASS" missed="0" covered="1"/></class><class name="ci/gouv/dgbf/system/employee/server/api/shared/HasEmployeePayrollComponentIdentifier" sourcefilename="HasEmployeePayrollComponentIdentifier.java"/><class name="ci/gouv/dgbf/system/employee/server/api/shared/HasEmployeeAsStringDto" sourcefilename="HasEmployeeAsStringDto.java"/><class name="ci/gouv/dgbf/system/employee/server/api/shared/EmployeePayrollComponentIdentifierFilter" sourcefilename="EmployeePayrollComponentIdentifierFilter.java"><method name="get" desc="(Lci/gouv/dgbf/extension/server/service/api/request/FilterDto;)Ljava/lang/String;" line="24"><counter type="INSTRUCTION" missed="0" covered="5"/><counter type="LINE" missed="0" covered="1"/><counter type="COMPLEXITY" missed="0" covered="1"/><counter type="METHOD" missed="0" covered="1"/></method><method name="set" desc="(Lci/gouv/dgbf/extension/server/service/api/request/FilterDto;Ljava/lang/String;)V" line="34"><counter type="INSTRUCTION" missed="0" covered="7"/><counter type="LINE" missed="0" covered="2"/><counter type="COMPLEXITY" missed="0" covered="1"/><counter type="METHOD" missed="0" covered="1"/></method><method name="lambda$set$2" desc="(Ljava/lang/String;Lci/gouv/dgbf/extension/server/service/api/request/FieldDto;)V" line="34"><counter type="INSTRUCTION" missed="0" covered="4"/><counter type="LINE" missed="0" covered="1"/><counter type="COMPLEXITY" missed="0" covered="1"/><counter type="METHOD" missed="0" covered="1"/></method><method name="lambda$set$1" desc="(Lci/gouv/dgbf/extension/server/service/api/request/FieldDto;)Ljava/lang/Object;" line="34"><counter type="INSTRUCTION" missed="3" covered="0"/><counter type="LINE" missed="1" covered="0"/><counter type="COMPLEXITY" missed="1" covered="0"/><counter type="METHOD" missed="1" covered="0"/></method><method name="lambda$get$0" desc="(Lci/gouv/dgbf/extension/server/service/api/request/FilterDto;)Ljava/lang/String;" line="24"><counter type="INSTRUCTION" missed="0" covered="4"/><counter type="LINE" missed="0" covered="1"/><counter type="COMPLEXITY" missed="0" covered="1"/><counter type="METHOD" missed="0" covered="1"/></method><counter type="INSTRUCTION" missed="3" covered="20"/><counter type="LINE" missed="0" covered="3"/><counter type="COMPLEXITY" missed="1" covered="4"/><counter type="METHOD" missed="1" covered="4"/><counter type="CLASS" missed="0" covered="1"/></class><class name="ci/gouv/dgbf/system/employee/server/api/shared/FilterHasEmployeeIdentifier" sourcefilename="FilterHasEmployeeIdentifier.java"><method name="updateEmployeeIdentifier" desc="(Lci/gouv/dgbf/extension/server/service/api/request/FilterDto;)V" line="18"><counter type="INSTRUCTION" missed="0" covered="5"/><counter type="LINE" missed="0" covered="2"/><counter type="COMPLEXITY" missed="0" covered="1"/><counter type="METHOD" missed="0" covered="1"/></method><method name="updateFilterEmployeeIdentifier" desc="(Lci/gouv/dgbf/extension/server/service/api/request/FilterDto;)V" line="28"><counter type="INSTRUCTION" missed="0" covered="5"/><counter type="LINE" missed="0" covered="2"/><counter type="COMPLEXITY" missed="0" covered="1"/><counter type="METHOD" missed="0" covered="1"/></method><counter type="INSTRUCTION" missed="0" covered="10"/><counter type="LINE" missed="0" covered="4"/><counter type="COMPLEXITY" missed="0" covered="2"/><counter type="METHOD" missed="0" covered="2"/><counter type="CLASS" missed="0" covered="1"/></class><class name="ci/gouv/dgbf/system/employee/server/api/shared/FilterHasEmployeePayrollComponentIdentifier" sourcefilename="FilterHasEmployeePayrollComponentIdentifier.java"><method name="updateEmployeePayrollComponentIdentifier" desc="(Lci/gouv/dgbf/extension/server/service/api/request/FilterDto;)V" line="19"><counter type="INSTRUCTION" missed="0" covered="5"/><counter type="LINE" missed="0" covered="2"/><counter type="COMPLEXITY" missed="0" covered="1"/><counter type="METHOD" missed="0" covered="1"/></method><method name="updateFilterEmployeePayrollComponentIdentifier" desc="(Lci/gouv/dgbf/extension/server/service/api/request/FilterDto;)V" line="29"><counter type="INSTRUCTION" missed="0" covered="5"/><counter type="LINE" missed="0" covered="2"/><counter type="COMPLEXITY" missed="0" covered="1"/><counter type="METHOD" missed="0" covered="1"/></method><counter type="INSTRUCTION" missed="0" covered="10"/><counter type="LINE" missed="0" covered="4"/><counter type="COMPLEXITY" missed="0" covered="2"/><counter type="METHOD" missed="0" covered="2"/><counter type="CLASS" missed="0" covered="1"/></class><sourcefile name="FilterHasEmployeeIdentifier.java"><line nr="18" mi="0" ci="4" mb="0" cb="0"/><line nr="19" mi="0" ci="1" mb="0" cb="0"/><line nr="28" mi="0" ci="4" mb="0" cb="0"/><line nr="29" mi="0" ci="1" mb="0" cb="0"/><counter type="INSTRUCTION" missed="0" covered="10"/><counter type="LINE" missed="0" covered="4"/><counter type="COMPLEXITY" missed="0" covered="2"/><counter type="METHOD" missed="0" covered="2"/><counter type="CLASS" missed="0" covered="1"/></sourcefile><sourcefile name="EmployeePayrollComponentIdentifierFilter.java"><line nr="24" mi="0" ci="9" mb="0" cb="0"/><line nr="34" mi="3" ci="10" mb="0" cb="0"/><line nr="36" mi="0" ci="1" mb="0" cb="0"/><counter type="INSTRUCTION" missed="3" covered="20"/><counter type="LINE" missed="0" covered="3"/><counter type="COMPLEXITY" missed="1" covered="4"/><counter type="METHOD" missed="1" covered="4"/><counter type="CLASS" missed="0" covered="1"/></sourcefile><sourcefile name="HasEmployeeAsString.java"/><sourcefile name="HasEmployeePayrollComponentIdentifier.java"/><sourcefile name="HasEmployeePayrollComponentIdentifierDto.java"/><sourcefile name="FilterHasEmployeePayrollComponentIdentifier.java"><line nr="19" mi="0" ci="4" mb="0" cb="0"/><line nr="20" mi="0" ci="1" mb="0" cb="0"/><line nr="29" mi="0" ci="4" mb="0" cb="0"/><line nr="30" mi="0" ci="1" mb="0" cb="0"/><counter type="INSTRUCTION" missed="0" covered="10"/><counter type="LINE" missed="0" covered="4"/><counter type="COMPLEXITY" missed="0" covered="2"/><counter type="METHOD" missed="0" covered="2"/><counter type="CLASS" missed="0" covered="1"/></sourcefile><sourcefile name="HasEmployeeIdentifier.java"/><sourcefile name="HasEmployeeAsStringDto.java"/><sourcefile name="EmployeeIdentifierFilter.java"><line nr="24" mi="0" ci="9" mb="0" cb="0"/><line nr="34" mi="3" ci="10" mb="0" cb="0"/><line nr="36" mi="0" ci="1" mb="0" cb="0"/><counter type="INSTRUCTION" missed="3" covered="20"/><counter type="LINE" missed="0" covered="3"/><counter type="COMPLEXITY" missed="1" covered="4"/><counter type="METHOD" missed="1" covered="4"/><counter type="CLASS" missed="0" covered="1"/></sourcefile><sourcefile name="HasEmployeeIdentifierDto.java"/><counter type="INSTRUCTION" missed="6" covered="60"/><counter type="LINE" missed="0" covered="14"/><counter type="COMPLEXITY" missed="2" covered="12"/><counter type="METHOD" missed="2" covered="12"/><counter type="CLASS" missed="0" covered="4"/></package><counter type="INSTRUCTION" missed="6" covered="60"/><counter type="LINE" missed="0" covered="14"/><counter type="COMPLEXITY" missed="2" covered="12"/><counter type="METHOD" missed="2" covered="12"/><counter type="CLASS" missed="0" covered="4"/></report>