<?xml version="1.0" encoding="UTF-8" standalone="yes"?><!DOCTYPE report PUBLIC "-//JACOCO//DTD Report 1.1//EN" "report.dtd"><report name="Partage API du serveur du module de classification budgétaire"><sessioninfo id="CYK-65c61ba" start="1748291667149" dump="1748291667898"/><package name="ci/gouv/dgbf/system/budgetaryclassification/server/api/shared"><class name="ci/gouv/dgbf/system/budgetaryclassification/server/api/shared/FilterHasAdministrativeUnitIdentifier" sourcefilename="FilterHasAdministrativeUnitIdentifier.java"><method name="updateAdministrativeUnitIdentifier" desc="(Lci/gouv/dgbf/extension/server/service/api/request/FilterDto;)V" line="18"><counter type="INSTRUCTION" missed="0" covered="5"/><counter type="LINE" missed="0" covered="2"/><counter type="COMPLEXITY" missed="0" covered="1"/><counter type="METHOD" missed="0" covered="1"/></method><method name="updateFilterAdministrativeUnitIdentifier" desc="(Lci/gouv/dgbf/extension/server/service/api/request/FilterDto;)V" line="28"><counter type="INSTRUCTION" missed="0" covered="5"/><counter type="LINE" missed="0" covered="2"/><counter type="COMPLEXITY" missed="0" covered="1"/><counter type="METHOD" missed="0" covered="1"/></method><counter type="INSTRUCTION" missed="0" covered="10"/><counter type="LINE" missed="0" covered="4"/><counter type="COMPLEXITY" missed="0" covered="2"/><counter type="METHOD" missed="0" covered="2"/><counter type="CLASS" missed="0" covered="1"/></class><class name="ci/gouv/dgbf/system/budgetaryclassification/server/api/shared/FilterHasBudgetIdentifier" sourcefilename="FilterHasBudgetIdentifier.java"><method name="updateBudgetIdentifier" desc="(Lci/gouv/dgbf/extension/server/service/api/request/FilterDto;)V" line="18"><counter type="INSTRUCTION" missed="0" covered="5"/><counter type="LINE" missed="0" covered="2"/><counter type="COMPLEXITY" missed="0" covered="1"/><counter type="METHOD" missed="0" covered="1"/></method><method name="updateFilterBudgetIdentifier" desc="(Lci/gouv/dgbf/extension/server/service/api/request/FilterDto;)V" line="28"><counter type="INSTRUCTION" missed="0" covered="5"/><counter type="LINE" missed="0" covered="2"/><counter type="COMPLEXITY" missed="0" covered="1"/><counter type="METHOD" missed="0" covered="1"/></method><counter type="INSTRUCTION" missed="0" covered="10"/><counter type="LINE" missed="0" covered="4"/><counter type="COMPLEXITY" missed="0" covered="2"/><counter type="METHOD" missed="0" covered="2"/><counter type="CLASS" missed="0" covered="1"/></class><class name="ci/gouv/dgbf/system/budgetaryclassification/server/api/shared/HasAdministrativeUnitAsString" sourcefilename="HasAdministrativeUnitAsString.java"/><class name="ci/gouv/dgbf/system/budgetaryclassification/server/api/shared/HasBudgetAdministrativeUnitIdentifier" sourcefilename="HasBudgetAdministrativeUnitIdentifier.java"/><class name="ci/gouv/dgbf/system/budgetaryclassification/server/api/shared/HasBudgetAsString" sourcefilename="HasBudgetAsString.java"/><class name="ci/gouv/dgbf/system/budgetaryclassification/server/api/shared/FilterHasAdministrativeUnitEmployeeIdentifier" sourcefilename="FilterHasAdministrativeUnitEmployeeIdentifier.java"><method name="updateAdministrativeUnitEmployeeIdentifier" desc="(Lci/gouv/dgbf/extension/server/service/api/request/FilterDto;)V" line="19"><counter type="INSTRUCTION" missed="0" covered="5"/><counter type="LINE" missed="0" covered="2"/><counter type="COMPLEXITY" missed="0" covered="1"/><counter type="METHOD" missed="0" covered="1"/></method><method name="updateFilterAdministrativeUnitEmployeeIdentifier" desc="(Lci/gouv/dgbf/extension/server/service/api/request/FilterDto;)V" line="28"><counter type="INSTRUCTION" missed="0" covered="5"/><counter type="LINE" missed="0" covered="3"/><counter type="COMPLEXITY" missed="0" covered="1"/><counter type="METHOD" missed="0" covered="1"/></method><counter type="INSTRUCTION" missed="0" covered="10"/><counter type="LINE" missed="0" covered="5"/><counter type="COMPLEXITY" missed="0" covered="2"/><counter type="METHOD" missed="0" covered="2"/><counter type="CLASS" missed="0" covered="1"/></class><class name="ci/gouv/dgbf/system/budgetaryclassification/server/api/shared/HasExerciseAsString" sourcefilename="HasExerciseAsString.java"/><class name="ci/gouv/dgbf/system/budgetaryclassification/server/api/shared/HasBudgetAdministrativeUnitAsString" sourcefilename="HasBudgetAdministrativeUnitAsString.java"/><class name="ci/gouv/dgbf/system/budgetaryclassification/server/api/shared/ExerciseIdentifierFilter" sourcefilename="ExerciseIdentifierFilter.java"><method name="get" desc="(Lci/gouv/dgbf/extension/server/service/api/request/FilterDto;)Ljava/lang/String;" line="24"><counter type="INSTRUCTION" missed="0" covered="5"/><counter type="LINE" missed="0" covered="1"/><counter type="COMPLEXITY" missed="0" covered="1"/><counter type="METHOD" missed="0" covered="1"/></method><method name="set" desc="(Lci/gouv/dgbf/extension/server/service/api/request/FilterDto;Ljava/lang/String;)V" line="34"><counter type="INSTRUCTION" missed="0" covered="7"/><counter type="LINE" missed="0" covered="2"/><counter type="COMPLEXITY" missed="0" covered="1"/><counter type="METHOD" missed="0" covered="1"/></method><method name="lambda$set$2" desc="(Ljava/lang/String;Lci/gouv/dgbf/extension/server/service/api/request/FieldDto;)V" line="35"><counter type="INSTRUCTION" missed="0" covered="4"/><counter type="LINE" missed="0" covered="1"/><counter type="COMPLEXITY" missed="0" covered="1"/><counter type="METHOD" missed="0" covered="1"/></method><method name="lambda$set$1" desc="(Lci/gouv/dgbf/extension/server/service/api/request/FieldDto;)Ljava/lang/Object;" line="34"><counter type="INSTRUCTION" missed="3" covered="0"/><counter type="LINE" missed="1" covered="0"/><counter type="COMPLEXITY" missed="1" covered="0"/><counter type="METHOD" missed="1" covered="0"/></method><method name="lambda$get$0" desc="(Lci/gouv/dgbf/extension/server/service/api/request/FilterDto;)Ljava/lang/String;" line="24"><counter type="INSTRUCTION" missed="0" covered="4"/><counter type="LINE" missed="0" covered="1"/><counter type="COMPLEXITY" missed="0" covered="1"/><counter type="METHOD" missed="0" covered="1"/></method><counter type="INSTRUCTION" missed="3" covered="20"/><counter type="LINE" missed="0" covered="4"/><counter type="COMPLEXITY" missed="1" covered="4"/><counter type="METHOD" missed="1" covered="4"/><counter type="CLASS" missed="0" covered="1"/></class><class name="ci/gouv/dgbf/system/budgetaryclassification/server/api/shared/FilterHasBudgetAdministrativeUnitIdentifier" sourcefilename="FilterHasBudgetAdministrativeUnitIdentifier.java"><method name="updateBudgetAdministrativeUnitIdentifier" desc="(Lci/gouv/dgbf/extension/server/service/api/request/FilterDto;)V" line="19"><counter type="INSTRUCTION" missed="0" covered="5"/><counter type="LINE" missed="0" covered="2"/><counter type="COMPLEXITY" missed="0" covered="1"/><counter type="METHOD" missed="0" covered="1"/></method><method name="updateFilterBudgetAdministrativeUnitIdentifier" desc="(Lci/gouv/dgbf/extension/server/service/api/request/FilterDto;)V" line="29"><counter type="INSTRUCTION" missed="0" covered="5"/><counter type="LINE" missed="0" covered="2"/><counter type="COMPLEXITY" missed="0" covered="1"/><counter type="METHOD" missed="0" covered="1"/></method><counter type="INSTRUCTION" missed="0" covered="10"/><counter type="LINE" missed="0" covered="4"/><counter type="COMPLEXITY" missed="0" covered="2"/><counter type="METHOD" missed="0" covered="2"/><counter type="CLASS" missed="0" covered="1"/></class><class name="ci/gouv/dgbf/system/budgetaryclassification/server/api/shared/HasExerciseAsYear" sourcefilename="HasExerciseAsYear.java"/><class name="ci/gouv/dgbf/system/budgetaryclassification/server/api/shared/HasExerciseIdentifier" sourcefilename="HasExerciseIdentifier.java"/><class name="ci/gouv/dgbf/system/budgetaryclassification/server/api/shared/BudgetIdentifierFilter" sourcefilename="BudgetIdentifierFilter.java"><method name="get" desc="(Lci/gouv/dgbf/extension/server/service/api/request/FilterDto;)Ljava/lang/String;" line="24"><counter type="INSTRUCTION" missed="0" covered="5"/><counter type="LINE" missed="0" covered="1"/><counter type="COMPLEXITY" missed="0" covered="1"/><counter type="METHOD" missed="0" covered="1"/></method><method name="set" desc="(Lci/gouv/dgbf/extension/server/service/api/request/FilterDto;Ljava/lang/String;)V" line="34"><counter type="INSTRUCTION" missed="0" covered="7"/><counter type="LINE" missed="0" covered="2"/><counter type="COMPLEXITY" missed="0" covered="1"/><counter type="METHOD" missed="0" covered="1"/></method><method name="lambda$set$2" desc="(Ljava/lang/String;Lci/gouv/dgbf/extension/server/service/api/request/FieldDto;)V" line="35"><counter type="INSTRUCTION" missed="0" covered="4"/><counter type="LINE" missed="0" covered="1"/><counter type="COMPLEXITY" missed="0" covered="1"/><counter type="METHOD" missed="0" covered="1"/></method><method name="lambda$set$1" desc="(Lci/gouv/dgbf/extension/server/service/api/request/FieldDto;)Ljava/lang/Object;" line="34"><counter type="INSTRUCTION" missed="3" covered="0"/><counter type="LINE" missed="1" covered="0"/><counter type="COMPLEXITY" missed="1" covered="0"/><counter type="METHOD" missed="1" covered="0"/></method><method name="lambda$get$0" desc="(Lci/gouv/dgbf/extension/server/service/api/request/FilterDto;)Ljava/lang/String;" line="24"><counter type="INSTRUCTION" missed="0" covered="4"/><counter type="LINE" missed="0" covered="1"/><counter type="COMPLEXITY" missed="0" covered="1"/><counter type="METHOD" missed="0" covered="1"/></method><counter type="INSTRUCTION" missed="3" covered="20"/><counter type="LINE" missed="0" covered="4"/><counter type="COMPLEXITY" missed="1" covered="4"/><counter type="METHOD" missed="1" covered="4"/><counter type="CLASS" missed="0" covered="1"/></class><class name="ci/gouv/dgbf/system/budgetaryclassification/server/api/shared/FilterHasExerciseIdentifier" sourcefilename="FilterHasExerciseIdentifier.java"><method name="updateExerciseIdentifier" desc="(Lci/gouv/dgbf/extension/server/service/api/request/FilterDto;)V" line="18"><counter type="INSTRUCTION" missed="0" covered="5"/><counter type="LINE" missed="0" covered="2"/><counter type="COMPLEXITY" missed="0" covered="1"/><counter type="METHOD" missed="0" covered="1"/></method><method name="updateFilterExerciseIdentifier" desc="(Lci/gouv/dgbf/extension/server/service/api/request/FilterDto;)V" line="28"><counter type="INSTRUCTION" missed="0" covered="5"/><counter type="LINE" missed="0" covered="2"/><counter type="COMPLEXITY" missed="0" covered="1"/><counter type="METHOD" missed="0" covered="1"/></method><counter type="INSTRUCTION" missed="0" covered="10"/><counter type="LINE" missed="0" covered="4"/><counter type="COMPLEXITY" missed="0" covered="2"/><counter type="METHOD" missed="0" covered="2"/><counter type="CLASS" missed="0" covered="1"/></class><class name="ci/gouv/dgbf/system/budgetaryclassification/server/api/shared/HasBudgetIdentifier" sourcefilename="HasBudgetIdentifier.java"/><class name="ci/gouv/dgbf/system/budgetaryclassification/server/api/shared/AdministrativeUnitEmployeeIdentifierFilter" sourcefilename="AdministrativeUnitEmployeeIdentifierFilter.java"><method name="get" desc="(Lci/gouv/dgbf/extension/server/service/api/request/FilterDto;)Ljava/lang/String;" line="25"><counter type="INSTRUCTION" missed="0" covered="5"/><counter type="LINE" missed="0" covered="1"/><counter type="COMPLEXITY" missed="0" covered="1"/><counter type="METHOD" missed="0" covered="1"/></method><method name="set" desc="(Lci/gouv/dgbf/extension/server/service/api/request/FilterDto;Ljava/lang/String;)V" line="35"><counter type="INSTRUCTION" missed="0" covered="7"/><counter type="LINE" missed="0" covered="2"/><counter type="COMPLEXITY" missed="0" covered="1"/><counter type="METHOD" missed="0" covered="1"/></method><method name="lambda$set$2" desc="(Ljava/lang/String;Lci/gouv/dgbf/extension/server/service/api/request/FieldDto;)V" line="36"><counter type="INSTRUCTION" missed="0" covered="4"/><counter type="LINE" missed="0" covered="1"/><counter type="COMPLEXITY" missed="0" covered="1"/><counter type="METHOD" missed="0" covered="1"/></method><method name="lambda$set$1" desc="(Lci/gouv/dgbf/extension/server/service/api/request/FieldDto;)Ljava/lang/Object;" line="35"><counter type="INSTRUCTION" missed="3" covered="0"/><counter type="LINE" missed="1" covered="0"/><counter type="COMPLEXITY" missed="1" covered="0"/><counter type="METHOD" missed="1" covered="0"/></method><method name="lambda$get$0" desc="(Lci/gouv/dgbf/extension/server/service/api/request/FilterDto;)Ljava/lang/String;" line="25"><counter type="INSTRUCTION" missed="0" covered="4"/><counter type="LINE" missed="0" covered="1"/><counter type="COMPLEXITY" missed="0" covered="1"/><counter type="METHOD" missed="0" covered="1"/></method><counter type="INSTRUCTION" missed="3" covered="20"/><counter type="LINE" missed="0" covered="4"/><counter type="COMPLEXITY" missed="1" covered="4"/><counter type="METHOD" missed="1" covered="4"/><counter type="CLASS" missed="0" covered="1"/></class><class name="ci/gouv/dgbf/system/budgetaryclassification/server/api/shared/BudgetAdministrativeUnitIdentifierFilter" sourcefilename="BudgetAdministrativeUnitIdentifierFilter.java"><method name="get" desc="(Lci/gouv/dgbf/extension/server/service/api/request/FilterDto;)Ljava/lang/String;" line="25"><counter type="INSTRUCTION" missed="0" covered="5"/><counter type="LINE" missed="0" covered="1"/><counter type="COMPLEXITY" missed="0" covered="1"/><counter type="METHOD" missed="0" covered="1"/></method><method name="set" desc="(Lci/gouv/dgbf/extension/server/service/api/request/FilterDto;Ljava/lang/String;)V" line="35"><counter type="INSTRUCTION" missed="0" covered="7"/><counter type="LINE" missed="0" covered="2"/><counter type="COMPLEXITY" missed="0" covered="1"/><counter type="METHOD" missed="0" covered="1"/></method><method name="lambda$set$2" desc="(Ljava/lang/String;Lci/gouv/dgbf/extension/server/service/api/request/FieldDto;)V" line="36"><counter type="INSTRUCTION" missed="0" covered="4"/><counter type="LINE" missed="0" covered="1"/><counter type="COMPLEXITY" missed="0" covered="1"/><counter type="METHOD" missed="0" covered="1"/></method><method name="lambda$set$1" desc="(Lci/gouv/dgbf/extension/server/service/api/request/FieldDto;)Ljava/lang/Object;" line="35"><counter type="INSTRUCTION" missed="3" covered="0"/><counter type="LINE" missed="1" covered="0"/><counter type="COMPLEXITY" missed="1" covered="0"/><counter type="METHOD" missed="1" covered="0"/></method><method name="lambda$get$0" desc="(Lci/gouv/dgbf/extension/server/service/api/request/FilterDto;)Ljava/lang/String;" line="25"><counter type="INSTRUCTION" missed="0" covered="4"/><counter type="LINE" missed="0" covered="1"/><counter type="COMPLEXITY" missed="0" covered="1"/><counter type="METHOD" missed="0" covered="1"/></method><counter type="INSTRUCTION" missed="3" covered="20"/><counter type="LINE" missed="0" covered="4"/><counter type="COMPLEXITY" missed="1" covered="4"/><counter type="METHOD" missed="1" covered="4"/><counter type="CLASS" missed="0" covered="1"/></class><class name="ci/gouv/dgbf/system/budgetaryclassification/server/api/shared/HasAdministrativeUnitCode" sourcefilename="HasAdministrativeUnitCode.java"/><class name="ci/gouv/dgbf/system/budgetaryclassification/server/api/shared/HasAdministrativeUnitEmployeeIdentifier" sourcefilename="HasAdministrativeUnitEmployeeIdentifier.java"/><class name="ci/gouv/dgbf/system/budgetaryclassification/server/api/shared/AdministrativeUnitIdentifierFilter" sourcefilename="AdministrativeUnitIdentifierFilter.java"><method name="get" desc="(Lci/gouv/dgbf/extension/server/service/api/request/FilterDto;)Ljava/lang/String;" line="25"><counter type="INSTRUCTION" missed="0" covered="5"/><counter type="LINE" missed="0" covered="1"/><counter type="COMPLEXITY" missed="0" covered="1"/><counter type="METHOD" missed="0" covered="1"/></method><method name="set" desc="(Lci/gouv/dgbf/extension/server/service/api/request/FilterDto;Ljava/lang/String;)V" line="35"><counter type="INSTRUCTION" missed="0" covered="7"/><counter type="LINE" missed="0" covered="2"/><counter type="COMPLEXITY" missed="0" covered="1"/><counter type="METHOD" missed="0" covered="1"/></method><method name="lambda$set$2" desc="(Ljava/lang/String;Lci/gouv/dgbf/extension/server/service/api/request/FieldDto;)V" line="36"><counter type="INSTRUCTION" missed="0" covered="4"/><counter type="LINE" missed="0" covered="1"/><counter type="COMPLEXITY" missed="0" covered="1"/><counter type="METHOD" missed="0" covered="1"/></method><method name="lambda$set$1" desc="(Lci/gouv/dgbf/extension/server/service/api/request/FieldDto;)Ljava/lang/Object;" line="35"><counter type="INSTRUCTION" missed="3" covered="0"/><counter type="LINE" missed="1" covered="0"/><counter type="COMPLEXITY" missed="1" covered="0"/><counter type="METHOD" missed="1" covered="0"/></method><method name="lambda$get$0" desc="(Lci/gouv/dgbf/extension/server/service/api/request/FilterDto;)Ljava/lang/String;" line="25"><counter type="INSTRUCTION" missed="0" covered="4"/><counter type="LINE" missed="0" covered="1"/><counter type="COMPLEXITY" missed="0" covered="1"/><counter type="METHOD" missed="0" covered="1"/></method><counter type="INSTRUCTION" missed="3" covered="20"/><counter type="LINE" missed="0" covered="4"/><counter type="COMPLEXITY" missed="1" covered="4"/><counter type="METHOD" missed="1" covered="4"/><counter type="CLASS" missed="0" covered="1"/></class><class name="ci/gouv/dgbf/system/budgetaryclassification/server/api/shared/HasAdministrativeUnitEmployeeAsString" sourcefilename="HasAdministrativeUnitEmployeeAsString.java"/><class name="ci/gouv/dgbf/system/budgetaryclassification/server/api/shared/HasAdministrativeUnitIdentifier" sourcefilename="HasAdministrativeUnitIdentifier.java"/><sourcefile name="BudgetAdministrativeUnitIdentifierFilter.java"><line nr="25" mi="0" ci="9" mb="0" cb="0"/><line nr="35" mi="3" ci="6" mb="0" cb="0"/><line nr="36" mi="0" ci="4" mb="0" cb="0"/><line nr="37" mi="0" ci="1" mb="0" cb="0"/><counter type="INSTRUCTION" missed="3" covered="20"/><counter type="LINE" missed="0" covered="4"/><counter type="COMPLEXITY" missed="1" covered="4"/><counter type="METHOD" missed="1" covered="4"/><counter type="CLASS" missed="0" covered="1"/></sourcefile><sourcefile name="HasExerciseIdentifier.java"/><sourcefile name="FilterHasBudgetAdministrativeUnitIdentifier.java"><line nr="19" mi="0" ci="4" mb="0" cb="0"/><line nr="20" mi="0" ci="1" mb="0" cb="0"/><line nr="29" mi="0" ci="4" mb="0" cb="0"/><line nr="30" mi="0" ci="1" mb="0" cb="0"/><counter type="INSTRUCTION" missed="0" covered="10"/><counter type="LINE" missed="0" covered="4"/><counter type="COMPLEXITY" missed="0" covered="2"/><counter type="METHOD" missed="0" covered="2"/><counter type="CLASS" missed="0" covered="1"/></sourcefile><sourcefile name="FilterHasBudgetIdentifier.java"><line nr="18" mi="0" ci="4" mb="0" cb="0"/><line nr="19" mi="0" ci="1" mb="0" cb="0"/><line nr="28" mi="0" ci="4" mb="0" cb="0"/><line nr="29" mi="0" ci="1" mb="0" cb="0"/><counter type="INSTRUCTION" missed="0" covered="10"/><counter type="LINE" missed="0" covered="4"/><counter type="COMPLEXITY" missed="0" covered="2"/><counter type="METHOD" missed="0" covered="2"/><counter type="CLASS" missed="0" covered="1"/></sourcefile><sourcefile name="AdministrativeUnitEmployeeIdentifierFilter.java"><line nr="25" mi="0" ci="9" mb="0" cb="0"/><line nr="35" mi="3" ci="6" mb="0" cb="0"/><line nr="36" mi="0" ci="4" mb="0" cb="0"/><line nr="37" mi="0" ci="1" mb="0" cb="0"/><counter type="INSTRUCTION" missed="3" covered="20"/><counter type="LINE" missed="0" covered="4"/><counter type="COMPLEXITY" missed="1" covered="4"/><counter type="METHOD" missed="1" covered="4"/><counter type="CLASS" missed="0" covered="1"/></sourcefile><sourcefile name="FilterHasAdministrativeUnitEmployeeIdentifier.java"><line nr="19" mi="0" ci="4" mb="0" cb="0"/><line nr="20" mi="0" ci="1" mb="0" cb="0"/><line nr="28" mi="0" ci="3" mb="0" cb="0"/><line nr="29" mi="0" ci="1" mb="0" cb="0"/><line nr="30" mi="0" ci="1" mb="0" cb="0"/><counter type="INSTRUCTION" missed="0" covered="10"/><counter type="LINE" missed="0" covered="5"/><counter type="COMPLEXITY" missed="0" covered="2"/><counter type="METHOD" missed="0" covered="2"/><counter type="CLASS" missed="0" covered="1"/></sourcefile><sourcefile name="FilterHasAdministrativeUnitIdentifier.java"><line nr="18" mi="0" ci="4" mb="0" cb="0"/><line nr="19" mi="0" ci="1" mb="0" cb="0"/><line nr="28" mi="0" ci="4" mb="0" cb="0"/><line nr="29" mi="0" ci="1" mb="0" cb="0"/><counter type="INSTRUCTION" missed="0" covered="10"/><counter type="LINE" missed="0" covered="4"/><counter type="COMPLEXITY" missed="0" covered="2"/><counter type="METHOD" missed="0" covered="2"/><counter type="CLASS" missed="0" covered="1"/></sourcefile><sourcefile name="AdministrativeUnitIdentifierFilter.java"><line nr="25" mi="0" ci="9" mb="0" cb="0"/><line nr="35" mi="3" ci="6" mb="0" cb="0"/><line nr="36" mi="0" ci="4" mb="0" cb="0"/><line nr="37" mi="0" ci="1" mb="0" cb="0"/><counter type="INSTRUCTION" missed="3" covered="20"/><counter type="LINE" missed="0" covered="4"/><counter type="COMPLEXITY" missed="1" covered="4"/><counter type="METHOD" missed="1" covered="4"/><counter type="CLASS" missed="0" covered="1"/></sourcefile><sourcefile name="HasBudgetAdministrativeUnitAsString.java"/><sourcefile name="HasBudgetIdentifier.java"/><sourcefile name="HasAdministrativeUnitCode.java"/><sourcefile name="BudgetIdentifierFilter.java"><line nr="24" mi="0" ci="9" mb="0" cb="0"/><line nr="34" mi="3" ci="6" mb="0" cb="0"/><line nr="35" mi="0" ci="4" mb="0" cb="0"/><line nr="36" mi="0" ci="1" mb="0" cb="0"/><counter type="INSTRUCTION" missed="3" covered="20"/><counter type="LINE" missed="0" covered="4"/><counter type="COMPLEXITY" missed="1" covered="4"/><counter type="METHOD" missed="1" covered="4"/><counter type="CLASS" missed="0" covered="1"/></sourcefile><sourcefile name="ExerciseIdentifierFilter.java"><line nr="24" mi="0" ci="9" mb="0" cb="0"/><line nr="34" mi="3" ci="6" mb="0" cb="0"/><line nr="35" mi="0" ci="4" mb="0" cb="0"/><line nr="36" mi="0" ci="1" mb="0" cb="0"/><counter type="INSTRUCTION" missed="3" covered="20"/><counter type="LINE" missed="0" covered="4"/><counter type="COMPLEXITY" missed="1" covered="4"/><counter type="METHOD" missed="1" covered="4"/><counter type="CLASS" missed="0" covered="1"/></sourcefile><sourcefile name="HasBudgetAsString.java"/><sourcefile name="HasAdministrativeUnitAsString.java"/><sourcefile name="HasBudgetAdministrativeUnitIdentifier.java"/><sourcefile name="HasAdministrativeUnitEmployeeAsString.java"/><sourcefile name="HasExerciseAsString.java"/><sourcefile name="FilterHasExerciseIdentifier.java"><line nr="18" mi="0" ci="4" mb="0" cb="0"/><line nr="19" mi="0" ci="1" mb="0" cb="0"/><line nr="28" mi="0" ci="4" mb="0" cb="0"/><line nr="29" mi="0" ci="1" mb="0" cb="0"/><counter type="INSTRUCTION" missed="0" covered="10"/><counter type="LINE" missed="0" covered="4"/><counter type="COMPLEXITY" missed="0" covered="2"/><counter type="METHOD" missed="0" covered="2"/><counter type="CLASS" missed="0" covered="1"/></sourcefile><sourcefile name="HasExerciseAsYear.java"/><sourcefile name="HasAdministrativeUnitEmployeeIdentifier.java"/><sourcefile name="HasAdministrativeUnitIdentifier.java"/><counter type="INSTRUCTION" missed="15" covered="150"/><counter type="LINE" missed="0" covered="41"/><counter type="COMPLEXITY" missed="5" covered="30"/><counter type="METHOD" missed="5" covered="30"/><counter type="CLASS" missed="0" covered="10"/></package><counter type="INSTRUCTION" missed="15" covered="150"/><counter type="LINE" missed="0" covered="41"/><counter type="COMPLEXITY" missed="5" covered="30"/><counter type="METHOD" missed="5" covered="30"/><counter type="CLASS" missed="0" covered="10"/></report>