<?xml version="1.0" encoding="UTF-8" standalone="yes"?><!DOCTYPE report PUBLIC "-//JACOCO//DTD Report 1.1//EN" "report.dtd"><report name="Partage API du serveur du module Gestion des identités"><sessioninfo id="CYK-bfd6f5e2" start="1781219012441" dump="1781219013418"/><package name="ci/gouv/dgbf/system/identity/server/api/shared"><class name="ci/gouv/dgbf/system/identity/server/api/shared/FilterHasIdentityIdentifier" sourcefilename="FilterHasIdentityIdentifier.java"><method name="updateIdentityIdentifier" desc="(Lci/gouv/dgbf/extension/server/service/api/request/FilterDto;)V" line="18"><counter type="INSTRUCTION" missed="0" covered="5"/><counter type="LINE" missed="0" covered="2"/><counter type="COMPLEXITY" missed="0" covered="1"/><counter type="METHOD" missed="0" covered="1"/></method><method name="updateFilterIdentityIdentifier" desc="(Lci/gouv/dgbf/extension/server/service/api/request/FilterDto;)V" line="27"><counter type="INSTRUCTION" missed="0" covered="5"/><counter type="LINE" missed="0" covered="2"/><counter type="COMPLEXITY" missed="0" covered="1"/><counter type="METHOD" missed="0" covered="1"/></method><counter type="INSTRUCTION" missed="0" covered="10"/><counter type="LINE" missed="0" covered="4"/><counter type="COMPLEXITY" missed="0" covered="2"/><counter type="METHOD" missed="0" covered="2"/><counter type="CLASS" missed="0" covered="1"/></class><class name="ci/gouv/dgbf/system/identity/server/api/shared/HasIdentityAsString" sourcefilename="HasIdentityAsString.java"/><class name="ci/gouv/dgbf/system/identity/server/api/shared/HasIdentityAsStringDto" sourcefilename="HasIdentityAsStringDto.java"/><class name="ci/gouv/dgbf/system/identity/server/api/shared/HasIdentityIdentifierDto" sourcefilename="HasIdentityIdentifierDto.java"/><class name="ci/gouv/dgbf/system/identity/server/api/shared/HasIdentityIdentifier" sourcefilename="HasIdentityIdentifier.java"/><class name="ci/gouv/dgbf/system/identity/server/api/shared/IdentityIdentifierFilter" sourcefilename="IdentityIdentifierFilter.java"><method name="get" desc="(Lci/gouv/dgbf/extension/server/service/api/request/FilterDto;)Ljava/lang/String;" line="22"><counter type="INSTRUCTION" missed="0" covered="5"/><counter type="LINE" missed="0" covered="1"/><counter type="COMPLEXITY" missed="0" covered="1"/><counter type="METHOD" missed="0" covered="1"/></method><method name="set" desc="(Lci/gouv/dgbf/extension/server/service/api/request/FilterDto;Ljava/lang/String;)V" line="32"><counter type="INSTRUCTION" missed="0" covered="7"/><counter type="LINE" missed="0" covered="2"/><counter type="COMPLEXITY" missed="0" covered="1"/><counter type="METHOD" missed="0" covered="1"/></method><method name="lambda$set$2" desc="(Ljava/lang/String;Lci/gouv/dgbf/extension/server/service/api/request/FieldDto;)V" line="33"><counter type="INSTRUCTION" missed="0" covered="4"/><counter type="LINE" missed="0" covered="1"/><counter type="COMPLEXITY" missed="0" covered="1"/><counter type="METHOD" missed="0" covered="1"/></method><method name="lambda$set$1" desc="(Lci/gouv/dgbf/extension/server/service/api/request/FieldDto;)Ljava/lang/Object;" line="32"><counter type="INSTRUCTION" missed="3" covered="0"/><counter type="LINE" missed="1" covered="0"/><counter type="COMPLEXITY" missed="1" covered="0"/><counter type="METHOD" missed="1" covered="0"/></method><method name="lambda$get$0" desc="(Lci/gouv/dgbf/extension/server/service/api/request/FilterDto;)Ljava/lang/String;" line="22"><counter type="INSTRUCTION" missed="0" covered="4"/><counter type="LINE" missed="0" covered="1"/><counter type="COMPLEXITY" missed="0" covered="1"/><counter type="METHOD" missed="0" covered="1"/></method><counter type="INSTRUCTION" missed="3" covered="20"/><counter type="LINE" missed="0" covered="4"/><counter type="COMPLEXITY" missed="1" covered="4"/><counter type="METHOD" missed="1" covered="4"/><counter type="CLASS" missed="0" covered="1"/></class><sourcefile name="HasIdentityAsStringDto.java"/><sourcefile name="HasIdentityAsString.java"/><sourcefile name="HasIdentityIdentifier.java"/><sourcefile name="IdentityIdentifierFilter.java"><line nr="22" mi="0" ci="9" mb="0" cb="0"/><line nr="32" mi="3" ci="6" mb="0" cb="0"/><line nr="33" mi="0" ci="4" mb="0" cb="0"/><line nr="34" mi="0" ci="1" mb="0" cb="0"/><counter type="INSTRUCTION" missed="3" covered="20"/><counter type="LINE" missed="0" covered="4"/><counter type="COMPLEXITY" missed="1" covered="4"/><counter type="METHOD" missed="1" covered="4"/><counter type="CLASS" missed="0" covered="1"/></sourcefile><sourcefile name="FilterHasIdentityIdentifier.java"><line nr="18" mi="0" ci="4" mb="0" cb="0"/><line nr="19" mi="0" ci="1" mb="0" cb="0"/><line nr="27" mi="0" ci="4" mb="0" cb="0"/><line nr="28" mi="0" ci="1" mb="0" cb="0"/><counter type="INSTRUCTION" missed="0" covered="10"/><counter type="LINE" missed="0" covered="4"/><counter type="COMPLEXITY" missed="0" covered="2"/><counter type="METHOD" missed="0" covered="2"/><counter type="CLASS" missed="0" covered="1"/></sourcefile><sourcefile name="HasIdentityIdentifierDto.java"/><counter type="INSTRUCTION" missed="3" covered="30"/><counter type="LINE" missed="0" covered="8"/><counter type="COMPLEXITY" missed="1" covered="6"/><counter type="METHOD" missed="1" covered="6"/><counter type="CLASS" missed="0" covered="2"/></package><counter type="INSTRUCTION" missed="3" covered="30"/><counter type="LINE" missed="0" covered="8"/><counter type="COMPLEXITY" missed="1" covered="6"/><counter type="METHOD" missed="1" covered="6"/><counter type="CLASS" missed="0" covered="2"/></report>