GROUP,PACKAGE,CLASS,INSTRUCTION_MISSED,INSTRUCTION_COVERED,BRANCH_MISSED,BRANCH_COVERED,LINE_MISSED,LINE_COVERED,COMPLEXITY_MISSED,COMPLEXITY_COVERED,METHOD_MISSED,METHOD_COVERED
API du serveur du module de documentation,ci.gouv.dgbf.system.documentation.server.api,DocumentationService.DocumentationUpdateTextRequestDto,0,3,0,0,0,1,0,1,0,1
API du serveur du module de documentation,ci.gouv.dgbf.system.documentation.server.api,DocumentationRequestMapperImpl,0,59,0,4,0,18,0,5,0,3
API du serveur du module de documentation,ci.gouv.dgbf.system.documentation.server.api,DocumentationDto,0,3,0,0,0,1,0,1,0,1
API du serveur du module de documentation,ci.gouv.dgbf.system.documentation.server.api,DocumentationService.DocumentationCreateRequestDto,0,3,0,0,0,1,0,1,0,1
API du serveur du module de documentation,ci.gouv.dgbf.system.documentation.server.api,DocumentationService.DocumentationUpdateRequestDto,0,3,0,0,0,1,0,1,0,1
API du serveur du module de documentation,ci.gouv.dgbf.system.documentation.server.api,DocumentationService.DocumentationGetManyResponseDto,0,3,0,0,0,1,0,1,0,1
API du serveur du module de documentation,ci.gouv.dgbf.system.documentation.server.api,DocumentationClient,0,235,0,0,0,44,0,24,0,24
API du serveur du module de documentation,ci.gouv.dgbf.system.documentation.server.api,DocumentationFilter,0,15,0,0,0,7,0,4,0,4
