<?xml version="1.0" encoding="UTF-8" standalone="yes"?><!DOCTYPE report PUBLIC "-//JACOCO//DTD Report 1.1//EN" "report.dtd"><report name="Partage API du serveur du module Gestion des tickets"><sessioninfo id="CYK-27f95fed" start="1779398084080" dump="1779398085061"/><package name="ci/gouv/dgbf/system/ticket/server/api/shared"><class name="ci/gouv/dgbf/system/ticket/server/api/shared/HasSolution" sourcefilename="HasSolution.java"/><class name="ci/gouv/dgbf/system/ticket/server/api/shared/HasDiagnostic" sourcefilename="HasDiagnostic.java"/><class name="ci/gouv/dgbf/system/ticket/server/api/shared/HasDiagnosticDto" sourcefilename="HasDiagnosticDto.java"/><class name="ci/gouv/dgbf/system/ticket/server/api/shared/HasSolutionDto" sourcefilename="HasSolutionDto.java"/><sourcefile name="HasDiagnostic.java"/><sourcefile name="HasDiagnosticDto.java"/><sourcefile name="HasSolution.java"/><sourcefile name="HasSolutionDto.java"/></package></report>