<?xml version="1.0" encoding="UTF-8" standalone="yes"?><!DOCTYPE report PUBLIC "-//JACOCO//DTD Report 1.1//EN" "report.dtd"><report name="Partage API du serveur du module Gestion des tickets"><sessioninfo id="CYK-ae5649b5" start="1783201367446" dump="1783201368549"/><package name="ci/gouv/dgbf/system/ticket/server/api/shared"><class name="ci/gouv/dgbf/system/ticket/server/api/shared/HasReporterIdentityIdentifier" sourcefilename="HasReporterIdentityIdentifier.java"/><class name="ci/gouv/dgbf/system/ticket/server/api/shared/HasDiagnostic" sourcefilename="HasDiagnostic.java"/><class name="ci/gouv/dgbf/system/ticket/server/api/shared/HasRedirectableDto" sourcefilename="HasRedirectableDto.java"/><class name="ci/gouv/dgbf/system/ticket/server/api/shared/HasResolvable" sourcefilename="HasResolvable.java"/><class name="ci/gouv/dgbf/system/ticket/server/api/shared/HasDiagnosticDto" sourcefilename="HasDiagnosticDto.java"/><class name="ci/gouv/dgbf/system/ticket/server/api/shared/HasEscalatableDto" sourcefilename="HasEscalatableDto.java"/><class name="ci/gouv/dgbf/system/ticket/server/api/shared/HasReporterIdentityIdentifierDto" sourcefilename="HasReporterIdentityIdentifierDto.java"/><class name="ci/gouv/dgbf/system/ticket/server/api/shared/HasClaimableDto" sourcefilename="HasClaimableDto.java"/><class name="ci/gouv/dgbf/system/ticket/server/api/shared/HasSatisfiableDto" sourcefilename="HasSatisfiableDto.java"/><class name="ci/gouv/dgbf/system/ticket/server/api/shared/HasSolutionDto" sourcefilename="HasSolutionDto.java"/><class name="ci/gouv/dgbf/system/ticket/server/api/shared/HasResolvableDto" sourcefilename="HasResolvableDto.java"/><class name="ci/gouv/dgbf/system/ticket/server/api/shared/HasSolution" sourcefilename="HasSolution.java"/><class name="ci/gouv/dgbf/system/ticket/server/api/shared/HasRedirectable" sourcefilename="HasRedirectable.java"/><class name="ci/gouv/dgbf/system/ticket/server/api/shared/HasClaimable" sourcefilename="HasClaimable.java"/><class name="ci/gouv/dgbf/system/ticket/server/api/shared/HasEscalatable" sourcefilename="HasEscalatable.java"/><class name="ci/gouv/dgbf/system/ticket/server/api/shared/HasSatisfiable" sourcefilename="HasSatisfiable.java"/><class name="ci/gouv/dgbf/system/ticket/server/api/shared/HasDissatisfiableDto" sourcefilename="HasDissatisfiableDto.java"/><class name="ci/gouv/dgbf/system/ticket/server/api/shared/FilterHasReporterIdentityIdentifier" sourcefilename="FilterHasReporterIdentityIdentifier.java"><method name="updateReporterIdentityIdentifier" desc="(Lci/gouv/dgbf/extension/server/service/api/request/FilterDto;)V" line="18"><counter type="INSTRUCTION" missed="0" covered="5"/><counter type="LINE" missed="0" covered="2"/><counter type="COMPLEXITY" missed="0" covered="1"/><counter type="METHOD" missed="0" covered="1"/></method><method name="updateFilterReporterIdentityIdentifier" desc="(Lci/gouv/dgbf/extension/server/service/api/request/FilterDto;)V" line="28"><counter type="INSTRUCTION" missed="0" covered="5"/><counter type="LINE" missed="0" covered="2"/><counter type="COMPLEXITY" missed="0" covered="1"/><counter type="METHOD" missed="0" covered="1"/></method><counter type="INSTRUCTION" missed="0" covered="10"/><counter type="LINE" missed="0" covered="4"/><counter type="COMPLEXITY" missed="0" covered="2"/><counter type="METHOD" missed="0" covered="2"/><counter type="CLASS" missed="0" covered="1"/></class><class name="ci/gouv/dgbf/system/ticket/server/api/shared/ReporterIdentityIdentifierFilter" sourcefilename="ReporterIdentityIdentifierFilter.java"><method name="get" desc="(Lci/gouv/dgbf/extension/server/service/api/request/FilterDto;)Ljava/lang/String;" line="22"><counter type="INSTRUCTION" missed="0" covered="5"/><counter type="LINE" missed="0" covered="1"/><counter type="COMPLEXITY" missed="0" covered="1"/><counter type="METHOD" missed="0" covered="1"/></method><method name="set" desc="(Lci/gouv/dgbf/extension/server/service/api/request/FilterDto;Ljava/lang/String;)V" line="32"><counter type="INSTRUCTION" missed="0" covered="7"/><counter type="LINE" missed="0" covered="2"/><counter type="COMPLEXITY" missed="0" covered="1"/><counter type="METHOD" missed="0" covered="1"/></method><method name="lambda$set$2" desc="(Ljava/lang/String;Lci/gouv/dgbf/extension/server/service/api/request/FieldDto;)V" line="33"><counter type="INSTRUCTION" missed="0" covered="4"/><counter type="LINE" missed="0" covered="1"/><counter type="COMPLEXITY" missed="0" covered="1"/><counter type="METHOD" missed="0" covered="1"/></method><method name="lambda$set$1" desc="(Lci/gouv/dgbf/extension/server/service/api/request/FieldDto;)Ljava/lang/Object;" line="32"><counter type="INSTRUCTION" missed="3" covered="0"/><counter type="LINE" missed="1" covered="0"/><counter type="COMPLEXITY" missed="1" covered="0"/><counter type="METHOD" missed="1" covered="0"/></method><method name="lambda$get$0" desc="(Lci/gouv/dgbf/extension/server/service/api/request/FilterDto;)Ljava/lang/String;" line="22"><counter type="INSTRUCTION" missed="0" covered="4"/><counter type="LINE" missed="0" covered="1"/><counter type="COMPLEXITY" missed="0" covered="1"/><counter type="METHOD" missed="0" covered="1"/></method><counter type="INSTRUCTION" missed="3" covered="20"/><counter type="LINE" missed="0" covered="4"/><counter type="COMPLEXITY" missed="1" covered="4"/><counter type="METHOD" missed="1" covered="4"/><counter type="CLASS" missed="0" covered="1"/></class><class name="ci/gouv/dgbf/system/ticket/server/api/shared/HasDissatisfiable" sourcefilename="HasDissatisfiable.java"/><sourcefile name="HasDiagnostic.java"/><sourcefile name="HasResolvable.java"/><sourcefile name="HasSatisfiableDto.java"/><sourcefile name="FilterHasReporterIdentityIdentifier.java"><line nr="18" mi="0" ci="4" mb="0" cb="0"/><line nr="19" mi="0" ci="1" mb="0" cb="0"/><line nr="28" mi="0" ci="4" mb="0" cb="0"/><line nr="29" mi="0" ci="1" mb="0" cb="0"/><counter type="INSTRUCTION" missed="0" covered="10"/><counter type="LINE" missed="0" covered="4"/><counter type="COMPLEXITY" missed="0" covered="2"/><counter type="METHOD" missed="0" covered="2"/><counter type="CLASS" missed="0" covered="1"/></sourcefile><sourcefile name="HasClaimable.java"/><sourcefile name="HasRedirectable.java"/><sourcefile name="ReporterIdentityIdentifierFilter.java"><line nr="22" mi="0" ci="9" mb="0" cb="0"/><line nr="32" mi="3" ci="6" mb="0" cb="0"/><line nr="33" mi="0" ci="4" mb="0" cb="0"/><line nr="34" mi="0" ci="1" mb="0" cb="0"/><counter type="INSTRUCTION" missed="3" covered="20"/><counter type="LINE" missed="0" covered="4"/><counter type="COMPLEXITY" missed="1" covered="4"/><counter type="METHOD" missed="1" covered="4"/><counter type="CLASS" missed="0" covered="1"/></sourcefile><sourcefile name="HasResolvableDto.java"/><sourcefile name="HasSolutionDto.java"/><sourcefile name="HasDissatisfiableDto.java"/><sourcefile name="HasDiagnosticDto.java"/><sourcefile name="HasEscalatable.java"/><sourcefile name="HasSolution.java"/><sourcefile name="HasEscalatableDto.java"/><sourcefile name="HasReporterIdentityIdentifierDto.java"/><sourcefile name="HasReporterIdentityIdentifier.java"/><sourcefile name="HasSatisfiable.java"/><sourcefile name="HasClaimableDto.java"/><sourcefile name="HasDissatisfiable.java"/><sourcefile name="HasRedirectableDto.java"/><counter type="INSTRUCTION" missed="3" covered="30"/><counter type="LINE" missed="0" covered="8"/><counter type="COMPLEXITY" missed="1" covered="6"/><counter type="METHOD" missed="1" covered="6"/><counter type="CLASS" missed="0" covered="2"/></package><counter type="INSTRUCTION" missed="3" covered="30"/><counter type="LINE" missed="0" covered="8"/><counter type="COMPLEXITY" missed="1" covered="6"/><counter type="METHOD" missed="1" covered="6"/><counter type="CLASS" missed="0" covered="2"/></report>