GROUP,PACKAGE,CLASS,INSTRUCTION_MISSED,INSTRUCTION_COVERED,BRANCH_MISSED,BRANCH_COVERED,LINE_MISSED,LINE_COVERED,COMPLEXITY_MISSED,COMPLEXITY_COVERED,METHOD_MISSED,METHOD_COVERED
API du serveur du module de rémunération,ci.gouv.dgbf.system.payroll.server.api,PayslipTemplateComponentService.PayslipTemplateComponentGetManyResponseDto,3,0,0,0,1,0,1,0,1,0
API du serveur du module de rémunération,ci.gouv.dgbf.system.payroll.server.api,PayrollStatus,124,0,0,0,25,0,5,0,5,0
API du serveur du module de rémunération,ci.gouv.dgbf.system.payroll.server.api,FunctionMovementService.FunctionMovementUpdateRequestDto,3,0,0,0,1,0,1,0,1,0
API du serveur du module de rémunération,ci.gouv.dgbf.system.payroll.server.api,EchelonClient,128,0,0,0,29,0,11,0,11,0
API du serveur du module de rémunération,ci.gouv.dgbf.system.payroll.server.api,GradeClassClient,128,0,0,0,29,0,11,0,11,0
API du serveur du module de rémunération,ci.gouv.dgbf.system.payroll.server.api,LocalityService.LocalityCreateRequestDto,3,0,0,0,1,0,1,0,1,0
API du serveur du module de rémunération,ci.gouv.dgbf.system.payroll.server.api,LocalityClient,195,0,0,0,40,0,18,0,18,0
API du serveur du module de rémunération,ci.gouv.dgbf.system.payroll.server.api,PayIndexFilter,3,0,0,0,1,0,1,0,1,0
API du serveur du module de rémunération,ci.gouv.dgbf.system.payroll.server.api,EchelonDto,3,0,0,0,1,0,1,0,1,0
API du serveur du module de rémunération,ci.gouv.dgbf.system.payroll.server.api,FunctionaryBudgetarySectionUnitClient,128,0,0,0,33,0,11,0,11,0
API du serveur du module de rémunération,ci.gouv.dgbf.system.payroll.server.api,PayslipStatus,106,0,0,0,22,0,5,0,5,0
API du serveur du module de rémunération,ci.gouv.dgbf.system.payroll.server.api,EchelonService.EchelonGetManyResponseDto,3,0,0,0,1,0,1,0,1,0
API du serveur du module de rémunération,ci.gouv.dgbf.system.payroll.server.api,ExerciseService.ExerciseGetManyResponseDto,3,0,0,0,1,0,1,0,1,0
API du serveur du module de rémunération,ci.gouv.dgbf.system.payroll.server.api,PayslipService.PayslipUpdateRequestDto,3,0,0,0,1,0,1,0,1,0
API du serveur du module de rémunération,ci.gouv.dgbf.system.payroll.server.api,PayIndexMovementService.PayIndexMovementCreateRequestDto,3,0,0,0,1,0,1,0,1,0
API du serveur du module de rémunération,ci.gouv.dgbf.system.payroll.server.api,PayslipTemplateService.PayslipTemplateCreateRequestDto,3,0,0,0,1,0,1,0,1,0
API du serveur du module de rémunération,ci.gouv.dgbf.system.payroll.server.api,FunctionMovementService.FunctionMovementCreateRequestDto,3,0,0,0,1,0,1,0,1,0
API du serveur du module de rémunération,ci.gouv.dgbf.system.payroll.server.api,MovementTrackingService.MovementTrackingUpdateRequestDto,3,0,0,0,1,0,1,0,1,0
API du serveur du module de rémunération,ci.gouv.dgbf.system.payroll.server.api,BudgetarySectionUnitMovementService.BudgetarySectionUnitMovementUpdateRequestDto,3,0,0,0,1,0,1,0,1,0
API du serveur du module de rémunération,ci.gouv.dgbf.system.payroll.server.api,PayrollService.PayrollUpdateRequestDto,3,0,0,0,1,0,1,0,1,0
API du serveur du module de rémunération,ci.gouv.dgbf.system.payroll.server.api,FunctionaryBudgetarySectionUnitFilter,3,0,0,0,1,0,1,0,1,0
API du serveur du module de rémunération,ci.gouv.dgbf.system.payroll.server.api,LocalityMovementDto,3,0,0,0,1,0,1,0,1,0
API du serveur du module de rémunération,ci.gouv.dgbf.system.payroll.server.api,FunctionFilter,3,0,0,0,1,0,1,0,1,0
API du serveur du module de rémunération,ci.gouv.dgbf.system.payroll.server.api,FunctionDto,3,0,0,0,1,0,1,0,1,0
API du serveur du module de rémunération,ci.gouv.dgbf.system.payroll.server.api,PayIndexClient,128,0,0,0,29,0,11,0,11,0
API du serveur du module de rémunération,ci.gouv.dgbf.system.payroll.server.api,BudgetarySectionUnitMovementFilter,108,0,0,0,25,0,19,0,19,0
API du serveur du module de rémunération,ci.gouv.dgbf.system.payroll.server.api,FunctionService.FunctionGetManyResponseDto,3,0,0,0,1,0,1,0,1,0
API du serveur du module de rémunération,ci.gouv.dgbf.system.payroll.server.api,PayIndexMovementService.PayIndexMovementGetManyResponseDto,3,0,0,0,1,0,1,0,1,0
API du serveur du module de rémunération,ci.gouv.dgbf.system.payroll.server.api,RemunerableService.RemunerableUpdateRequestDto,3,0,0,0,1,0,1,0,1,0
API du serveur du module de rémunération,ci.gouv.dgbf.system.payroll.server.api,LocalityFilter,3,0,0,0,1,0,1,0,1,0
API du serveur du module de rémunération,ci.gouv.dgbf.system.payroll.server.api,LocalityService.LocalityGetManyResponseDto,3,0,0,0,1,0,1,0,1,0
API du serveur du module de rémunération,ci.gouv.dgbf.system.payroll.server.api,MovementTrackingService.MovementTrackingCreateRequestDto,3,0,0,0,1,0,1,0,1,0
API du serveur du module de rémunération,ci.gouv.dgbf.system.payroll.server.api,PayslipService.PayslipCreateRequestDto,3,0,0,0,1,0,1,0,1,0
API du serveur du module de rémunération,ci.gouv.dgbf.system.payroll.server.api,AbstractMovementTrackingIdentifiableAuditableDto,3,0,0,0,1,0,1,0,1,0
API du serveur du module de rémunération,ci.gouv.dgbf.system.payroll.server.api,PayIndexService.PayIndexGetManyResponseDto,3,0,0,0,1,0,1,0,1,0
API du serveur du module de rémunération,ci.gouv.dgbf.system.payroll.server.api,PayslipComponentClient,195,0,0,0,42,0,18,0,18,0
API du serveur du module de rémunération,ci.gouv.dgbf.system.payroll.server.api,GradeClassFilter,3,0,0,0,1,0,1,0,1,0
API du serveur du module de rémunération,ci.gouv.dgbf.system.payroll.server.api,MovementStatus,104,0,0,0,22,0,5,0,5,0
API du serveur du module de rémunération,ci.gouv.dgbf.system.payroll.server.api,PayslipComponentService.PayslipComponentGetManyResponseDto,3,0,0,0,1,0,1,0,1,0
API du serveur du module de rémunération,ci.gouv.dgbf.system.payroll.server.api,PayslipTemplateComponentDto,3,0,0,0,1,0,1,0,1,0
API du serveur du module de rémunération,ci.gouv.dgbf.system.payroll.server.api,PayIndexMovementService.PayIndexMovementUpdateRequestDto,3,0,0,0,1,0,1,0,1,0
API du serveur du module de rémunération,ci.gouv.dgbf.system.payroll.server.api,PayslipTemplateService.PayslipTemplateUpdateRequestDto,3,0,0,0,1,0,1,0,1,0
API du serveur du module de rémunération,ci.gouv.dgbf.system.payroll.server.api,EchelonFilter,3,0,0,0,1,0,1,0,1,0
API du serveur du module de rémunération,ci.gouv.dgbf.system.payroll.server.api,PayslipComponentDto,3,0,0,0,1,0,1,0,1,0
API du serveur du module de rémunération,ci.gouv.dgbf.system.payroll.server.api,LocalityService.LocalityUpdateRequestDto,3,0,0,0,1,0,1,0,1,0
API du serveur du module de rémunération,ci.gouv.dgbf.system.payroll.server.api,JobDto,3,0,0,0,1,0,1,0,1,0
API du serveur du module de rémunération,ci.gouv.dgbf.system.payroll.server.api,MovementTrackingDto,3,0,0,0,1,0,1,0,1,0
API du serveur du module de rémunération,ci.gouv.dgbf.system.payroll.server.api,PayIndexDto,3,0,0,0,1,0,1,0,1,0
API du serveur du module de rémunération,ci.gouv.dgbf.system.payroll.server.api,PayIndexMovementFilter,108,0,0,0,25,0,19,0,19,0
API du serveur du module de rémunération,ci.gouv.dgbf.system.payroll.server.api,FunctionMovementService.FunctionMovementGetManyResponseDto,3,0,0,0,1,0,1,0,1,0
API du serveur du module de rémunération,ci.gouv.dgbf.system.payroll.server.api,PayslipTemplateComponentService.PayslipTemplateComponentUpdateRequestDto,3,0,0,0,1,0,1,0,1,0
API du serveur du module de rémunération,ci.gouv.dgbf.system.payroll.server.api,BudgetarySectionUnitMovementService.BudgetarySectionUnitMovementGetManyResponseDto,3,0,0,0,1,0,1,0,1,0
API du serveur du module de rémunération,ci.gouv.dgbf.system.payroll.server.api,RemunerableService.RemunerableCreateRequestDto,3,0,0,0,1,0,1,0,1,0
API du serveur du module de rémunération,ci.gouv.dgbf.system.payroll.server.api,PayslipTemplateComponentService.PayslipTemplateComponentCreateRequestDto,3,0,0,0,1,0,1,0,1,0
API du serveur du module de rémunération,ci.gouv.dgbf.system.payroll.server.api,FunctionaryService.FunctionaryGetManyResponseDto,3,0,0,0,1,0,1,0,1,0
API du serveur du module de rémunération,ci.gouv.dgbf.system.payroll.server.api,PayslipTemplateComponentFilter,3,0,0,0,1,0,1,0,1,0
API du serveur du module de rémunération,ci.gouv.dgbf.system.payroll.server.api,JobFilter,3,0,0,0,1,0,1,0,1,0
API du serveur du module de rémunération,ci.gouv.dgbf.system.payroll.server.api,RemunerableClient,195,0,0,0,39,0,18,0,18,0
API du serveur du module de rémunération,ci.gouv.dgbf.system.payroll.server.api,PayrollComponentClient,195,0,0,0,40,0,18,0,18,0
API du serveur du module de rémunération,ci.gouv.dgbf.system.payroll.server.api,ExerciseClient,128,0,0,0,29,0,11,0,11,0
API du serveur du module de rémunération,ci.gouv.dgbf.system.payroll.server.api,GradeFilter,3,0,0,0,1,0,1,0,1,0
API du serveur du module de rémunération,ci.gouv.dgbf.system.payroll.server.api,PayrollService.PayrollCreateRequestDto,3,0,0,0,1,0,1,0,1,0
API du serveur du module de rémunération,ci.gouv.dgbf.system.payroll.server.api,FunctionaryFilter,3,0,0,0,1,0,1,0,1,0
API du serveur du module de rémunération,ci.gouv.dgbf.system.payroll.server.api,BudgetarySectionUnitService.BudgetarySectionUnitGetManyResponseDto,3,0,0,0,1,0,1,0,1,0
API du serveur du module de rémunération,ci.gouv.dgbf.system.payroll.server.api,PayrollClient.ProcessExecutor,8,0,0,0,3,0,1,0,1,0
API du serveur du module de rémunération,ci.gouv.dgbf.system.payroll.server.api,RemunerableDto,3,0,0,0,1,0,1,0,1,0
API du serveur du module de rémunération,ci.gouv.dgbf.system.payroll.server.api,PayrollClient,246,0,0,0,45,0,24,0,24,0
API du serveur du module de rémunération,ci.gouv.dgbf.system.payroll.server.api,BudgetarySectionUnitDto,3,0,0,0,1,0,1,0,1,0
API du serveur du module de rémunération,ci.gouv.dgbf.system.payroll.server.api,GradeClassService.GradeClassGetManyResponseDto,3,0,0,0,1,0,1,0,1,0
API du serveur du module de rémunération,ci.gouv.dgbf.system.payroll.server.api,PayslipClient,195,0,0,0,42,0,18,0,18,0
API du serveur du module de rémunération,ci.gouv.dgbf.system.payroll.server.api,LocalityMovementClient,195,0,0,0,42,0,18,0,18,0
API du serveur du module de rémunération,ci.gouv.dgbf.system.payroll.server.api,BudgetarySectionUnitMovementDto,3,0,0,0,1,0,1,0,1,0
API du serveur du module de rémunération,ci.gouv.dgbf.system.payroll.server.api,GradeService.GradeGetManyResponseDto,3,0,0,0,1,0,1,0,1,0
API du serveur du module de rémunération,ci.gouv.dgbf.system.payroll.server.api,PayslipComponentService.PayslipComponentUpdateRequestDto,3,0,0,0,1,0,1,0,1,0
API du serveur du module de rémunération,ci.gouv.dgbf.system.payroll.server.api,FunctionClient,128,0,0,0,29,0,11,0,11,0
API du serveur du module de rémunération,ci.gouv.dgbf.system.payroll.server.api,RemunerableService.RemunerableGetManyResponseDto,3,0,0,0,1,0,1,0,1,0
API du serveur du module de rémunération,ci.gouv.dgbf.system.payroll.server.api,MovementTrackingService.MovementTrackingGetManyResponseDto,3,0,0,0,1,0,1,0,1,0
API du serveur du module de rémunération,ci.gouv.dgbf.system.payroll.server.api,PayrollService.PayrollGetManyResponseDto,3,0,0,0,1,0,1,0,1,0
API du serveur du module de rémunération,ci.gouv.dgbf.system.payroll.server.api,PayrollComponentDto,3,0,0,0,1,0,1,0,1,0
API du serveur du module de rémunération,ci.gouv.dgbf.system.payroll.server.api,PayslipTemplateDto,3,0,0,0,1,0,1,0,1,0
API du serveur du module de rémunération,ci.gouv.dgbf.system.payroll.server.api,PayrollComponentService.PayrollComponentGetManyResponseDto,3,0,0,0,1,0,1,0,1,0
API du serveur du module de rémunération,ci.gouv.dgbf.system.payroll.server.api,LocalityMovementFilter,108,0,0,0,25,0,19,0,19,0
API du serveur du module de rémunération,ci.gouv.dgbf.system.payroll.server.api,PayslipDto,3,0,0,0,1,0,1,0,1,0
API du serveur du module de rémunération,ci.gouv.dgbf.system.payroll.server.api,LocalityDto,3,0,0,0,1,0,1,0,1,0
API du serveur du module de rémunération,ci.gouv.dgbf.system.payroll.server.api,PayslipTemplateFilter,3,0,0,0,1,0,1,0,1,0
API du serveur du module de rémunération,ci.gouv.dgbf.system.payroll.server.api,LocalityMovementService.LocalityMovementGetManyResponseDto,3,0,0,0,1,0,1,0,1,0
API du serveur du module de rémunération,ci.gouv.dgbf.system.payroll.server.api,MovementTrackingClient,195,0,0,0,42,0,18,0,18,0
API du serveur du module de rémunération,ci.gouv.dgbf.system.payroll.server.api,JobService.JobGetManyResponseDto,3,0,0,0,1,0,1,0,1,0
API du serveur du module de rémunération,ci.gouv.dgbf.system.payroll.server.api,FunctionaryBudgetarySectionUnitDto,3,0,0,0,1,0,1,0,1,0
API du serveur du module de rémunération,ci.gouv.dgbf.system.payroll.server.api,FunctionaryClient,128,0,0,0,29,0,11,0,11,0
API du serveur du module de rémunération,ci.gouv.dgbf.system.payroll.server.api,PayrollComponentService.PayrollComponentCreateRequestDto,3,0,0,0,1,0,1,0,1,0
API du serveur du module de rémunération,ci.gouv.dgbf.system.payroll.server.api,PayslipTemplateClient,195,0,0,0,40,0,18,0,18,0
API du serveur du module de rémunération,ci.gouv.dgbf.system.payroll.server.api,PayslipComponentFilter,108,0,0,0,24,0,19,0,19,0
API du serveur du module de rémunération,ci.gouv.dgbf.system.payroll.server.api,FunctionMovementDto,3,0,0,0,1,0,1,0,1,0
API du serveur du module de rémunération,ci.gouv.dgbf.system.payroll.server.api,FunctionMovementClient,195,0,0,0,42,0,18,0,18,0
API du serveur du module de rémunération,ci.gouv.dgbf.system.payroll.server.api,GradeDto,3,0,0,0,1,0,1,0,1,0
API du serveur du module de rémunération,ci.gouv.dgbf.system.payroll.server.api,BudgetarySectionUnitClient,128,0,0,0,30,0,11,0,11,0
API du serveur du module de rémunération,ci.gouv.dgbf.system.payroll.server.api,GradeClient,128,0,0,0,29,0,11,0,11,0
API du serveur du module de rémunération,ci.gouv.dgbf.system.payroll.server.api,LocalityMovementService.LocalityMovementCreateRequestDto,3,0,0,0,1,0,1,0,1,0
API du serveur du module de rémunération,ci.gouv.dgbf.system.payroll.server.api,PayslipService.PayslipGetManyResponseDto,3,0,0,0,1,0,1,0,1,0
API du serveur du module de rémunération,ci.gouv.dgbf.system.payroll.server.api,PayrollComponentFilter,46,0,0,0,12,0,9,0,9,0
API du serveur du module de rémunération,ci.gouv.dgbf.system.payroll.server.api,PayrollFilter,3,0,0,0,1,0,1,0,1,0
API du serveur du module de rémunération,ci.gouv.dgbf.system.payroll.server.api,ExerciseFilter,3,0,0,0,1,0,1,0,1,0
API du serveur du module de rémunération,ci.gouv.dgbf.system.payroll.server.api,PayslipTemplateComponentClient,195,0,0,0,42,0,18,0,18,0
API du serveur du module de rémunération,ci.gouv.dgbf.system.payroll.server.api,PayrollComponentService.PayrollComponentUpdateRequestDto,3,0,0,0,1,0,1,0,1,0
API du serveur du module de rémunération,ci.gouv.dgbf.system.payroll.server.api,PayIndexMovementDto,3,0,0,0,1,0,1,0,1,0
API du serveur du module de rémunération,ci.gouv.dgbf.system.payroll.server.api,FunctionMovementFilter,108,0,0,0,25,0,19,0,19,0
API du serveur du module de rémunération,ci.gouv.dgbf.system.payroll.server.api,PayslipFilter,77,0,0,0,19,0,14,0,14,0
API du serveur du module de rémunération,ci.gouv.dgbf.system.payroll.server.api,PayrollDto,29,0,0,0,8,0,2,0,2,0
API du serveur du module de rémunération,ci.gouv.dgbf.system.payroll.server.api,PayslipComponentService.PayslipComponentCreateRequestDto,3,0,0,0,1,0,1,0,1,0
API du serveur du module de rémunération,ci.gouv.dgbf.system.payroll.server.api,BudgetarySectionUnitFilter,3,0,0,0,1,0,1,0,1,0
API du serveur du module de rémunération,ci.gouv.dgbf.system.payroll.server.api,JobClient,128,0,0,0,29,0,11,0,11,0
API du serveur du module de rémunération,ci.gouv.dgbf.system.payroll.server.api,PayslipTemplateService.PayslipTemplateGetManyResponseDto,3,0,0,0,1,0,1,0,1,0
API du serveur du module de rémunération,ci.gouv.dgbf.system.payroll.server.api,RemunerableFilter,46,0,0,0,13,0,9,0,9,0
API du serveur du module de rémunération,ci.gouv.dgbf.system.payroll.server.api,MovementTrackingFilter,3,0,0,0,1,0,1,0,1,0
API du serveur du module de rémunération,ci.gouv.dgbf.system.payroll.server.api,GradeClassDto,3,0,0,0,1,0,1,0,1,0
API du serveur du module de rémunération,ci.gouv.dgbf.system.payroll.server.api,ExerciseDto,3,0,0,0,1,0,1,0,1,0
API du serveur du module de rémunération,ci.gouv.dgbf.system.payroll.server.api,FunctionaryDto,3,0,0,0,1,0,1,0,1,0
API du serveur du module de rémunération,ci.gouv.dgbf.system.payroll.server.api,PayIndexMovementClient,195,0,0,0,42,0,18,0,18,0
API du serveur du module de rémunération,ci.gouv.dgbf.system.payroll.server.api,LocalityMovementService.LocalityMovementUpdateRequestDto,3,0,0,0,1,0,1,0,1,0
API du serveur du module de rémunération,ci.gouv.dgbf.system.payroll.server.api,BudgetarySectionUnitMovementClient,195,0,0,0,42,0,18,0,18,0
API du serveur du module de rémunération,ci.gouv.dgbf.system.payroll.server.api,PayrollService.ProcessResponseDto,35,0,0,0,7,0,2,0,2,0
API du serveur du module de rémunération,ci.gouv.dgbf.system.payroll.server.api,FunctionaryBudgetarySectionUnitService.FunctionaryBudgetarySectionUnitGetManyResponseDto,3,0,0,0,1,0,1,0,1,0
API du serveur du module de rémunération,ci.gouv.dgbf.system.payroll.server.api,BudgetarySectionUnitMovementService.BudgetarySectionUnitMovementCreateRequestDto,3,0,0,0,1,0,1,0,1,0
