GROUP,PACKAGE,CLASS,INSTRUCTION_MISSED,INSTRUCTION_COVERED,BRANCH_MISSED,BRANCH_COVERED,LINE_MISSED,LINE_COVERED,COMPLEXITY_MISSED,COMPLEXITY_COVERED,METHOD_MISSED,METHOD_COVERED
API du serveur du module de rémunération,ci.gouv.dgbf.system.payroll.server.api,PayrollJobGroupFilter,0,3,0,0,0,1,0,1,0,1
API du serveur du module de rémunération,ci.gouv.dgbf.system.payroll.server.api,PayslipTemplateComponentService.PayslipTemplateComponentGetManyResponseDto,0,3,0,0,0,1,0,1,0,1
API du serveur du module de rémunération,ci.gouv.dgbf.system.payroll.server.api,PayrollFunctionaryClient,0,195,0,0,0,38,0,18,0,18
API du serveur du module de rémunération,ci.gouv.dgbf.system.payroll.server.api,PayrollPeriodGroupFilter,0,3,0,0,0,1,0,1,0,1
API du serveur du module de rémunération,ci.gouv.dgbf.system.payroll.server.api,SalaryElementDto,0,3,0,0,0,1,0,1,0,1
API du serveur du module de rémunération,ci.gouv.dgbf.system.payroll.server.api,LocalityRequestMapperImpl,0,43,0,4,0,14,0,5,0,3
API du serveur du module de rémunération,ci.gouv.dgbf.system.payroll.server.api,PayIndexFilter,0,3,0,0,0,1,0,1,0,1
API du serveur du module de rémunération,ci.gouv.dgbf.system.payroll.server.api,EchelonDto,0,3,0,0,0,1,0,1,0,1
API du serveur du module de rémunération,ci.gouv.dgbf.system.payroll.server.api,FunctionaryBudgetarySectionUnitClient,0,128,0,0,0,27,0,11,0,11
API du serveur du module de rémunération,ci.gouv.dgbf.system.payroll.server.api,PayslipStatus,12,162,0,0,0,29,1,5,1,5
API du serveur du module de rémunération,ci.gouv.dgbf.system.payroll.server.api,PayrollFunctionaryRequestMapperImpl,0,35,0,4,0,12,0,5,0,3
API du serveur du module de rémunération,ci.gouv.dgbf.system.payroll.server.api,ExerciseService.ExerciseGetManyResponseDto,0,3,0,0,0,1,0,1,0,1
API du serveur du module de rémunération,ci.gouv.dgbf.system.payroll.server.api,PayslipTemplateService.PayslipTemplateCreateRequestDto,0,3,0,0,0,1,0,1,0,1
API du serveur du module de rémunération,ci.gouv.dgbf.system.payroll.server.api,FunctionMovementService.FunctionMovementCreateRequestDto,0,3,0,0,0,1,0,1,0,1
API du serveur du module de rémunération,ci.gouv.dgbf.system.payroll.server.api,MovementTrackingRequestMapperImpl,0,59,0,4,0,18,0,5,0,3
API du serveur du module de rémunération,ci.gouv.dgbf.system.payroll.server.api,MovementTrackingService.MovementTrackingUpdateRequestDto,0,3,0,0,0,1,0,1,0,1
API du serveur du module de rémunération,ci.gouv.dgbf.system.payroll.server.api,BudgetarySectionUnitMovementService.BudgetarySectionUnitMovementUpdateRequestDto,0,3,0,0,0,1,0,1,0,1
API du serveur du module de rémunération,ci.gouv.dgbf.system.payroll.server.api,PayrollService.PayrollUpdateRequestDto,0,3,0,0,0,1,0,1,0,1
API du serveur du module de rémunération,ci.gouv.dgbf.system.payroll.server.api,LocalityMovementDto,0,3,0,0,0,1,0,1,0,1
API du serveur du module de rémunération,ci.gouv.dgbf.system.payroll.server.api,PayrollCorrectionProposalFilter,3,76,0,0,0,23,1,14,1,14
API du serveur du module de rémunération,ci.gouv.dgbf.system.payroll.server.api,PayrollComponentGroupDto,0,3,0,0,0,1,0,1,0,1
API du serveur du module de rémunération,ci.gouv.dgbf.system.payroll.server.api,PayrollCorrectionProposalService.PayrollCorrectionProposalCreateRequestDto,0,3,0,0,0,1,0,1,0,1
API du serveur du module de rémunération,ci.gouv.dgbf.system.payroll.server.api,BudgetarySectionUnitMovementFilter,9,99,0,0,0,25,3,16,3,16
API du serveur du module de rémunération,ci.gouv.dgbf.system.payroll.server.api,PayIndexMovementService.PayIndexMovementGetManyResponseDto,0,3,0,0,0,1,0,1,0,1
API du serveur du module de rémunération,ci.gouv.dgbf.system.payroll.server.api,LocalityFilter,0,3,0,0,0,1,0,1,0,1
API du serveur du module de rémunération,ci.gouv.dgbf.system.payroll.server.api,LocalityService.LocalityGetManyResponseDto,0,3,0,0,0,1,0,1,0,1
API du serveur du module de rémunération,ci.gouv.dgbf.system.payroll.server.api,PayrollJobGroupService.PayrollJobGroupGetManyResponseDto,0,3,0,0,0,1,0,1,0,1
API du serveur du module de rémunération,ci.gouv.dgbf.system.payroll.server.api,PayslipService.PayslipCreateRequestDto,0,3,0,0,0,1,0,1,0,1
API du serveur du module de rémunération,ci.gouv.dgbf.system.payroll.server.api,AbstractMovementTrackingIdentifiableAuditableDto,0,3,0,0,0,1,0,1,0,1
API du serveur du module de rémunération,ci.gouv.dgbf.system.payroll.server.api,PayslipComponentClient,0,195,0,0,0,38,0,18,0,18
API du serveur du module de rémunération,ci.gouv.dgbf.system.payroll.server.api,GradeClassFilter,0,3,0,0,0,1,0,1,0,1
API du serveur du module de rémunération,ci.gouv.dgbf.system.payroll.server.api,PayslipTemplateComponentDto,0,3,0,0,0,1,0,1,0,1
API du serveur du module de rémunération,ci.gouv.dgbf.system.payroll.server.api,PayIndexMovementService.PayIndexMovementUpdateRequestDto,0,3,0,0,0,1,0,1,0,1
API du serveur du module de rémunération,ci.gouv.dgbf.system.payroll.server.api,EchelonFilter,0,3,0,0,0,1,0,1,0,1
API du serveur du module de rémunération,ci.gouv.dgbf.system.payroll.server.api,PayslipComponentDto,0,3,0,0,0,1,0,1,0,1
API du serveur du module de rémunération,ci.gouv.dgbf.system.payroll.server.api,LocalityService.LocalityUpdateRequestDto,0,3,0,0,0,1,0,1,0,1
API du serveur du module de rémunération,ci.gouv.dgbf.system.payroll.server.api,SalaryElementGroupService.SalaryElementGroupUpdateRequestDto,0,3,0,0,0,1,0,1,0,1
API du serveur du module de rémunération,ci.gouv.dgbf.system.payroll.server.api,MovementTrackingDto,0,3,0,0,0,1,0,1,0,1
API du serveur du module de rémunération,ci.gouv.dgbf.system.payroll.server.api,PayIndexMovementRequestMapperImpl,0,75,0,4,0,22,0,5,0,3
API du serveur du module de rémunération,ci.gouv.dgbf.system.payroll.server.api,PayIndexDto,0,3,0,0,0,1,0,1,0,1
API du serveur du module de rémunération,ci.gouv.dgbf.system.payroll.server.api,PayIndexMovementFilter,9,99,0,0,0,25,3,16,3,16
API du serveur du module de rémunération,ci.gouv.dgbf.system.payroll.server.api,FunctionMovementService.FunctionMovementGetManyResponseDto,0,3,0,0,0,1,0,1,0,1
API du serveur du module de rémunération,ci.gouv.dgbf.system.payroll.server.api,RemunerableService.RemunerableCreateRequestDto,0,3,0,0,0,1,0,1,0,1
API du serveur du module de rémunération,ci.gouv.dgbf.system.payroll.server.api,PayrollPeriodGroupService.PayrollPeriodGroupCreateRequestDto,0,3,0,0,0,1,0,1,0,1
API du serveur du module de rémunération,ci.gouv.dgbf.system.payroll.server.api,PayslipTemplateComponentService.PayslipTemplateComponentCreateRequestDto,0,3,0,0,0,1,0,1,0,1
API du serveur du module de rémunération,ci.gouv.dgbf.system.payroll.server.api,FunctionaryService.FunctionaryGetManyResponseDto,0,3,0,0,0,1,0,1,0,1
API du serveur du module de rémunération,ci.gouv.dgbf.system.payroll.server.api,PayslipRequestMapperImpl,0,99,0,4,0,28,0,5,0,3
API du serveur du module de rémunération,ci.gouv.dgbf.system.payroll.server.api,PayrollComponentGroupService.PayrollComponentGroupUpdateRequestDto,0,3,0,0,0,1,0,1,0,1
API du serveur du module de rémunération,ci.gouv.dgbf.system.payroll.server.api,PayrollPeriodGroupService.PeriodGroupUpdateRequestDto,0,3,0,0,0,1,0,1,0,1
API du serveur du module de rémunération,ci.gouv.dgbf.system.payroll.server.api,ExerciseClient,0,128,0,0,0,27,0,11,0,11
API du serveur du module de rémunération,ci.gouv.dgbf.system.payroll.server.api,SalaryElementService.SalaryElementCreateRequestDto,0,3,0,0,0,1,0,1,0,1
API du serveur du module de rémunération,ci.gouv.dgbf.system.payroll.server.api,BudgetarySectionUnitService.BudgetarySectionUnitGetManyResponseDto,0,3,0,0,0,1,0,1,0,1
API du serveur du module de rémunération,ci.gouv.dgbf.system.payroll.server.api,PayrollFunctionaryService.PayrollFunctionaryGetManyResponseDto,0,3,0,0,0,1,0,1,0,1
API du serveur du module de rémunération,ci.gouv.dgbf.system.payroll.server.api,PayrollClient.ProcessExecutor,0,8,0,0,0,3,0,1,0,1
API du serveur du module de rémunération,ci.gouv.dgbf.system.payroll.server.api,RemunerableDto,0,3,0,0,0,1,0,1,0,1
API du serveur du module de rémunération,ci.gouv.dgbf.system.payroll.server.api,GradeClassService.GradeClassGetManyResponseDto,0,3,0,0,0,1,0,1,0,1
API du serveur du module de rémunération,ci.gouv.dgbf.system.payroll.server.api,PayslipClient,0,263,0,0,0,46,0,26,0,26
API du serveur du module de rémunération,ci.gouv.dgbf.system.payroll.server.api,LocalityMovementClient,0,195,0,0,0,38,0,18,0,18
API du serveur du module de rémunération,ci.gouv.dgbf.system.payroll.server.api,BudgetarySectionUnitMovementDto,0,3,0,0,0,1,0,1,0,1
API du serveur du module de rémunération,ci.gouv.dgbf.system.payroll.server.api,SalaryElementFilter,0,3,0,0,0,1,0,1,0,1
API du serveur du module de rémunération,ci.gouv.dgbf.system.payroll.server.api,SalaryElementGroupClient,0,195,0,0,0,38,0,18,0,18
API du serveur du module de rémunération,ci.gouv.dgbf.system.payroll.server.api,FunctionClient,0,128,0,0,0,27,0,11,0,11
API du serveur du module de rémunération,ci.gouv.dgbf.system.payroll.server.api,RemunerableService.RemunerableGetManyResponseDto,0,3,0,0,0,1,0,1,0,1
API du serveur du module de rémunération,ci.gouv.dgbf.system.payroll.server.api,SalaryElementGroupService.SalaryElementGroupGetManyResponseDto,0,3,0,0,0,1,0,1,0,1
API du serveur du module de rémunération,ci.gouv.dgbf.system.payroll.server.api,PayrollComponentDto,0,3,0,0,0,1,0,1,0,1
API du serveur du module de rémunération,ci.gouv.dgbf.system.payroll.server.api,LocalityMovementService.LocalityMovementGetManyResponseDto,0,3,0,0,0,1,0,1,0,1
API du serveur du module de rémunération,ci.gouv.dgbf.system.payroll.server.api,MovementTrackingClient,0,195,0,0,0,38,0,18,0,18
API du serveur du module de rémunération,ci.gouv.dgbf.system.payroll.server.api,JobService.JobGetManyResponseDto,0,3,0,0,0,1,0,1,0,1
API du serveur du module de rémunération,ci.gouv.dgbf.system.payroll.server.api,PayrollJobGroupRequestMapperImpl,0,43,0,4,0,14,0,5,0,3
API du serveur du module de rémunération,ci.gouv.dgbf.system.payroll.server.api,PayslipComponentFilter,9,99,0,0,0,24,3,16,3,16
API du serveur du module de rémunération,ci.gouv.dgbf.system.payroll.server.api,FunctionMovementDto,0,3,0,0,0,1,0,1,0,1
API du serveur du module de rémunération,ci.gouv.dgbf.system.payroll.server.api,FunctionMovementClient,0,195,0,0,0,38,0,18,0,18
API du serveur du module de rémunération,ci.gouv.dgbf.system.payroll.server.api,MovementType,0,64,0,0,0,13,0,5,0,5
API du serveur du module de rémunération,ci.gouv.dgbf.system.payroll.server.api,GradeDto,0,3,0,0,0,1,0,1,0,1
API du serveur du module de rémunération,ci.gouv.dgbf.system.payroll.server.api,SalaryElementService.SalaryElementGetManyResponseDto,0,3,0,0,0,1,0,1,0,1
API du serveur du module de rémunération,ci.gouv.dgbf.system.payroll.server.api,GradeClient,0,128,0,0,0,27,0,11,0,11
API du serveur du module de rémunération,ci.gouv.dgbf.system.payroll.server.api,LocalityMovementService.LocalityMovementCreateRequestDto,0,3,0,0,0,1,0,1,0,1
API du serveur du module de rémunération,ci.gouv.dgbf.system.payroll.server.api,PayslipService.PayslipGetManyResponseDto,0,3,0,0,0,1,0,1,0,1
API du serveur du module de rémunération,ci.gouv.dgbf.system.payroll.server.api,PayrollPeriodGroupDto,0,3,0,0,0,1,0,1,0,1
API du serveur du module de rémunération,ci.gouv.dgbf.system.payroll.server.api,BudgetarySectionUnitMovementRequestMapperImpl,0,75,0,4,0,22,0,5,0,3
API du serveur du module de rémunération,ci.gouv.dgbf.system.payroll.server.api,PayrollComponentGroupFilter,0,3,0,0,0,1,0,1,0,1
API du serveur du module de rémunération,ci.gouv.dgbf.system.payroll.server.api,BudgetarySectionUnitFilter,0,3,0,0,0,1,0,1,0,1
API du serveur du module de rémunération,ci.gouv.dgbf.system.payroll.server.api,JobClient,0,128,0,0,0,27,0,11,0,11
API du serveur du module de rémunération,ci.gouv.dgbf.system.payroll.server.api,PayslipTemplateService.PayslipTemplateGetManyResponseDto,0,3,0,0,0,1,0,1,0,1
API du serveur du module de rémunération,ci.gouv.dgbf.system.payroll.server.api,GradeClassDto,0,3,0,0,0,1,0,1,0,1
API du serveur du module de rémunération,ci.gouv.dgbf.system.payroll.server.api,FunctionaryDto,0,3,0,0,0,1,0,1,0,1
API du serveur du module de rémunération,ci.gouv.dgbf.system.payroll.server.api,RemunerableRequestMapperImpl,0,67,0,4,0,20,0,5,0,3
API du serveur du module de rémunération,ci.gouv.dgbf.system.payroll.server.api,PayIndexMovementClient,0,195,0,0,0,38,0,18,0,18
API du serveur du module de rémunération,ci.gouv.dgbf.system.payroll.server.api,LocalityMovementService.LocalityMovementUpdateRequestDto,0,3,0,0,0,1,0,1,0,1
API du serveur du module de rémunération,ci.gouv.dgbf.system.payroll.server.api,BudgetarySectionUnitMovementClient,0,195,0,0,0,38,0,18,0,18
API du serveur du module de rémunération,ci.gouv.dgbf.system.payroll.server.api,PayrollFunctionaryDto,0,3,0,0,0,1,0,1,0,1
API du serveur du module de rémunération,ci.gouv.dgbf.system.payroll.server.api,PayrollService.ProcessResponseDto,0,49,0,0,0,11,0,2,0,2
API du serveur du module de rémunération,ci.gouv.dgbf.system.payroll.server.api,PayrollPeriodGroupService.PayrollPeriodGroupGetManyResponseDto,0,3,0,0,0,1,0,1,0,1
API du serveur du module de rémunération,ci.gouv.dgbf.system.payroll.server.api,SalaryElementGroupRequestMapperImpl,0,43,0,4,0,14,0,5,0,3
API du serveur du module de rémunération,ci.gouv.dgbf.system.payroll.server.api,PayrollStatus,12,132,0,0,0,25,1,5,1,5
API du serveur du module de rémunération,ci.gouv.dgbf.system.payroll.server.api,FunctionMovementService.FunctionMovementUpdateRequestDto,0,3,0,0,0,1,0,1,0,1
API du serveur du module de rémunération,ci.gouv.dgbf.system.payroll.server.api,EchelonClient,0,128,0,0,0,27,0,11,0,11
API du serveur du module de rémunération,ci.gouv.dgbf.system.payroll.server.api,GradeClassClient,0,128,0,0,0,27,0,11,0,11
API du serveur du module de rémunération,ci.gouv.dgbf.system.payroll.server.api,LocalityService.LocalityCreateRequestDto,0,3,0,0,0,1,0,1,0,1
API du serveur du module de rémunération,ci.gouv.dgbf.system.payroll.server.api,LocalityClient,0,195,0,0,0,38,0,18,0,18
API du serveur du module de rémunération,ci.gouv.dgbf.system.payroll.server.api,PayrollCorrectionProposalClient,0,229,0,0,0,42,0,22,0,22
API du serveur du module de rémunération,ci.gouv.dgbf.system.payroll.server.api,PayrollCorrectionProposalDto,0,25,0,0,0,7,0,2,0,2
API du serveur du module de rémunération,ci.gouv.dgbf.system.payroll.server.api,UserRole,0,25,0,0,0,6,0,2,0,2
API du serveur du module de rémunération,ci.gouv.dgbf.system.payroll.server.api,EchelonService.EchelonGetManyResponseDto,0,3,0,0,0,1,0,1,0,1
API du serveur du module de rémunération,ci.gouv.dgbf.system.payroll.server.api,PayslipService.PayslipUpdateRequestDto,0,3,0,0,0,1,0,1,0,1
API du serveur du module de rémunération,ci.gouv.dgbf.system.payroll.server.api,PayIndexMovementService.PayIndexMovementCreateRequestDto,0,3,0,0,0,1,0,1,0,1
API du serveur du module de rémunération,ci.gouv.dgbf.system.payroll.server.api,SalaryElementService.SalaryElementUpdateRequestDto,0,3,0,0,0,1,0,1,0,1
API du serveur du module de rémunération,ci.gouv.dgbf.system.payroll.server.api,PayrollCorrectionProposalRequestMapperImpl,0,99,0,4,0,28,0,5,0,3
API du serveur du module de rémunération,ci.gouv.dgbf.system.payroll.server.api,FunctionaryBudgetarySectionUnitFilter,0,3,0,0,0,1,0,1,0,1
API du serveur du module de rémunération,ci.gouv.dgbf.system.payroll.server.api,FunctionFilter,0,3,0,0,0,1,0,1,0,1
API du serveur du module de rémunération,ci.gouv.dgbf.system.payroll.server.api,SalaryElementRequestMapperImpl,0,51,0,4,0,16,0,5,0,3
API du serveur du module de rémunération,ci.gouv.dgbf.system.payroll.server.api,FunctionDto,0,3,0,0,0,1,0,1,0,1
API du serveur du module de rémunération,ci.gouv.dgbf.system.payroll.server.api,PayrollComponentGroupService.PayrollComponentGroupGetManyResponseDto,0,3,0,0,0,1,0,1,0,1
API du serveur du module de rémunération,ci.gouv.dgbf.system.payroll.server.api,PayIndexClient,0,128,0,0,0,27,0,11,0,11
API du serveur du module de rémunération,ci.gouv.dgbf.system.payroll.server.api,FunctionService.FunctionGetManyResponseDto,0,3,0,0,0,1,0,1,0,1
API du serveur du module de rémunération,ci.gouv.dgbf.system.payroll.server.api,PayslipService.ProcessResponseDto,0,63,0,0,0,12,0,2,0,2
API du serveur du module de rémunération,ci.gouv.dgbf.system.payroll.server.api,RemunerableService.RemunerableUpdateRequestDto,0,3,0,0,0,1,0,1,0,1
API du serveur du module de rémunération,ci.gouv.dgbf.system.payroll.server.api,MovementTrackingService.MovementTrackingCreateRequestDto,0,3,0,0,0,1,0,1,0,1
API du serveur du module de rémunération,ci.gouv.dgbf.system.payroll.server.api,PayIndexService.PayIndexGetManyResponseDto,0,3,0,0,0,1,0,1,0,1
API du serveur du module de rémunération,ci.gouv.dgbf.system.payroll.server.api,MovementStatus,0,89,0,0,0,19,0,5,0,5
API du serveur du module de rémunération,ci.gouv.dgbf.system.payroll.server.api,PayslipComponentService.PayslipComponentGetManyResponseDto,0,3,0,0,0,1,0,1,0,1
API du serveur du module de rémunération,ci.gouv.dgbf.system.payroll.server.api,PayslipTemplateService.PayslipTemplateUpdateRequestDto,0,3,0,0,0,1,0,1,0,1
API du serveur du module de rémunération,ci.gouv.dgbf.system.payroll.server.api,JobDto,0,3,0,0,0,1,0,1,0,1
API du serveur du module de rémunération,ci.gouv.dgbf.system.payroll.server.api,PayrollFunctionaryFilter,3,43,0,0,0,13,1,8,1,8
API du serveur du module de rémunération,ci.gouv.dgbf.system.payroll.server.api,PayrollJobGroupClient,0,195,0,0,0,38,0,18,0,18
API du serveur du module de rémunération,ci.gouv.dgbf.system.payroll.server.api,PayslipTemplateComponentService.PayslipTemplateComponentUpdateRequestDto,0,3,0,0,0,1,0,1,0,1
API du serveur du module de rémunération,ci.gouv.dgbf.system.payroll.server.api,BudgetarySectionUnitMovementService.BudgetarySectionUnitMovementGetManyResponseDto,0,3,0,0,0,1,0,1,0,1
API du serveur du module de rémunération,ci.gouv.dgbf.system.payroll.server.api,PayslipTemplateComponentFilter,0,3,0,0,0,1,0,1,0,1
API du serveur du module de rémunération,ci.gouv.dgbf.system.payroll.server.api,PayrollJobGroupDto,0,3,0,0,0,1,0,1,0,1
API du serveur du module de rémunération,ci.gouv.dgbf.system.payroll.server.api,PayrollPeriodGroupRequestMapperImpl,0,51,0,4,0,16,0,5,0,3
API du serveur du module de rémunération,ci.gouv.dgbf.system.payroll.server.api,JobFilter,0,3,0,0,0,1,0,1,0,1
API du serveur du module de rémunération,ci.gouv.dgbf.system.payroll.server.api,PayrollJobGroupService.PayrollJobGroupUpdateRequestDto,0,3,0,0,0,1,0,1,0,1
API du serveur du module de rémunération,ci.gouv.dgbf.system.payroll.server.api,RemunerableClient,0,195,0,0,0,38,0,18,0,18
API du serveur du module de rémunération,ci.gouv.dgbf.system.payroll.server.api,PayrollComponentClient,0,195,0,0,0,38,0,18,0,18
API du serveur du module de rémunération,ci.gouv.dgbf.system.payroll.server.api,GradeFilter,0,3,0,0,0,1,0,1,0,1
API du serveur du module de rémunération,ci.gouv.dgbf.system.payroll.server.api,PayrollService.PayrollCreateRequestDto,0,3,0,0,0,1,0,1,0,1
API du serveur du module de rémunération,ci.gouv.dgbf.system.payroll.server.api,FunctionaryFilter,0,3,0,0,0,1,0,1,0,1
API du serveur du module de rémunération,ci.gouv.dgbf.system.payroll.server.api,PayrollClient,0,297,0,0,0,50,0,30,0,30
API du serveur du module de rémunération,ci.gouv.dgbf.system.payroll.server.api,BudgetarySectionUnitDto,0,3,0,0,0,1,0,1,0,1
API du serveur du module de rémunération,ci.gouv.dgbf.system.payroll.server.api,PayrollComponentRequestMapperImpl,0,83,0,4,0,24,0,5,0,3
API du serveur du module de rémunération,ci.gouv.dgbf.system.payroll.server.api,PayrollCorrectionProposalService.PayrollCorrectionProposalGetManyResponseDto,0,3,0,0,0,1,0,1,0,1
API du serveur du module de rémunération,ci.gouv.dgbf.system.payroll.server.api,PayrollCorrectionProposalService.PayrollCorrectionProposalUpdateRequestDto,0,3,0,0,0,1,0,1,0,1
API du serveur du module de rémunération,ci.gouv.dgbf.system.payroll.server.api,GradeService.GradeGetManyResponseDto,0,3,0,0,0,1,0,1,0,1
API du serveur du module de rémunération,ci.gouv.dgbf.system.payroll.server.api,PayslipComponentService.PayslipComponentUpdateRequestDto,0,3,0,0,0,1,0,1,0,1
API du serveur du module de rémunération,ci.gouv.dgbf.system.payroll.server.api,MovementTrackingService.MovementTrackingGetManyResponseDto,0,3,0,0,0,1,0,1,0,1
API du serveur du module de rémunération,ci.gouv.dgbf.system.payroll.server.api,PayrollService.PayrollGetManyResponseDto,0,3,0,0,0,1,0,1,0,1
API du serveur du module de rémunération,ci.gouv.dgbf.system.payroll.server.api,PayslipTemplateDto,0,3,0,0,0,1,0,1,0,1
API du serveur du module de rémunération,ci.gouv.dgbf.system.payroll.server.api,LocalityMovementRequestMapperImpl,0,75,0,4,0,22,0,5,0,3
API du serveur du module de rémunération,ci.gouv.dgbf.system.payroll.server.api,PayrollComponentService.PayrollComponentGetManyResponseDto,0,3,0,0,0,1,0,1,0,1
API du serveur du module de rémunération,ci.gouv.dgbf.system.payroll.server.api,PayrollComponentGroupRequestMapperImpl,0,43,0,4,0,14,0,5,0,3
API du serveur du module de rémunération,ci.gouv.dgbf.system.payroll.server.api,LocalityMovementFilter,9,99,0,0,0,25,3,16,3,16
API du serveur du module de rémunération,ci.gouv.dgbf.system.payroll.server.api,PayslipDto,0,45,0,0,0,12,0,2,0,2
API du serveur du module de rémunération,ci.gouv.dgbf.system.payroll.server.api,LocalityDto,0,3,0,0,0,1,0,1,0,1
API du serveur du module de rémunération,ci.gouv.dgbf.system.payroll.server.api,PayslipTemplateFilter,0,3,0,0,0,1,0,1,0,1
API du serveur du module de rémunération,ci.gouv.dgbf.system.payroll.server.api,PayrollCorrectionProposalClient.ProcessExecutor,0,8,0,0,0,3,0,1,0,1
API du serveur du module de rémunération,ci.gouv.dgbf.system.payroll.server.api,PayrollPeriodGroupClient,0,195,0,0,0,38,0,18,0,18
API du serveur du module de rémunération,ci.gouv.dgbf.system.payroll.server.api,FunctionaryBudgetarySectionUnitDto,0,3,0,0,0,1,0,1,0,1
API du serveur du module de rémunération,ci.gouv.dgbf.system.payroll.server.api,FunctionaryClient,0,128,0,0,0,27,0,11,0,11
API du serveur du module de rémunération,ci.gouv.dgbf.system.payroll.server.api,PayrollComponentService.PayrollComponentCreateRequestDto,0,3,0,0,0,1,0,1,0,1
API du serveur du module de rémunération,ci.gouv.dgbf.system.payroll.server.api,PayslipTemplateClient,0,195,0,0,0,38,0,18,0,18
API du serveur du module de rémunération,ci.gouv.dgbf.system.payroll.server.api,PayrollComponentGroupClient,0,195,0,0,0,38,0,18,0,18
API du serveur du module de rémunération,ci.gouv.dgbf.system.payroll.server.api,PayrollFunctionaryService.PayrollFunctionaryCreateRequestDto,0,3,0,0,0,1,0,1,0,1
API du serveur du module de rémunération,ci.gouv.dgbf.system.payroll.server.api,BudgetarySectionUnitClient,0,128,0,0,0,27,0,11,0,11
API du serveur du module de rémunération,ci.gouv.dgbf.system.payroll.server.api,PayrollJobGroupService.PayrollJobGroupCreateRequestDto,0,3,0,0,0,1,0,1,0,1
API du serveur du module de rémunération,ci.gouv.dgbf.system.payroll.server.api,PayrollComponentGroupService.PayrollComponentGroupCreateRequestDto,0,3,0,0,0,1,0,1,0,1
API du serveur du module de rémunération,ci.gouv.dgbf.system.payroll.server.api,PayslipClient.ProcessExecutor,0,8,0,0,0,3,0,1,0,1
API du serveur du module de rémunération,ci.gouv.dgbf.system.payroll.server.api,PayslipTemplateRequestMapperImpl,0,43,0,4,0,14,0,5,0,3
API du serveur du module de rémunération,ci.gouv.dgbf.system.payroll.server.api,SalaryElementClient,0,195,0,0,0,38,0,18,0,18
API du serveur du module de rémunération,ci.gouv.dgbf.system.payroll.server.api,FunctionMovementRequestMapperImpl,0,75,0,4,0,22,0,5,0,3
API du serveur du module de rémunération,ci.gouv.dgbf.system.payroll.server.api,PayrollComponentFilter,3,43,0,0,0,12,1,8,1,8
API du serveur du module de rémunération,ci.gouv.dgbf.system.payroll.server.api,SalaryElementGroupFilter,0,3,0,0,0,1,0,1,0,1
API du serveur du module de rémunération,ci.gouv.dgbf.system.payroll.server.api,PayrollFilter,3,43,0,0,0,14,1,8,1,8
API du serveur du module de rémunération,ci.gouv.dgbf.system.payroll.server.api,ExerciseFilter,0,3,0,0,0,1,0,1,0,1
API du serveur du module de rémunération,ci.gouv.dgbf.system.payroll.server.api,PayslipTemplateComponentClient,0,195,0,0,0,38,0,18,0,18
API du serveur du module de rémunération,ci.gouv.dgbf.system.payroll.server.api,PayrollComponentService.PayrollComponentUpdateRequestDto,0,3,0,0,0,1,0,1,0,1
API du serveur du module de rémunération,ci.gouv.dgbf.system.payroll.server.api,PayslipTemplateComponentRequestMapperImpl,0,51,0,4,0,16,0,5,0,3
API du serveur du module de rémunération,ci.gouv.dgbf.system.payroll.server.api,PayIndexMovementDto,0,3,0,0,0,1,0,1,0,1
API du serveur du module de rémunération,ci.gouv.dgbf.system.payroll.server.api,FunctionMovementFilter,9,99,0,0,0,25,3,16,3,16
API du serveur du module de rémunération,ci.gouv.dgbf.system.payroll.server.api,PayrollRequestMapperImpl,0,59,0,4,0,18,0,5,0,3
API du serveur du module de rémunération,ci.gouv.dgbf.system.payroll.server.api,PayslipFilter,24,242,0,0,0,58,8,36,8,36
API du serveur du module de rémunération,ci.gouv.dgbf.system.payroll.server.api,SalaryElementGroupService.SalaryElementGroupCreateRequestDto,0,3,0,0,0,1,0,1,0,1
API du serveur du module de rémunération,ci.gouv.dgbf.system.payroll.server.api,PayrollDto,0,37,0,0,0,10,0,2,0,2
API du serveur du module de rémunération,ci.gouv.dgbf.system.payroll.server.api,PayslipComponentService.PayslipComponentCreateRequestDto,0,3,0,0,0,1,0,1,0,1
API du serveur du module de rémunération,ci.gouv.dgbf.system.payroll.server.api,PayslipComponentRequestMapperImpl,0,67,0,4,0,20,0,5,0,3
API du serveur du module de rémunération,ci.gouv.dgbf.system.payroll.server.api,SalaryElementGroupDto,0,3,0,0,0,1,0,1,0,1
API du serveur du module de rémunération,ci.gouv.dgbf.system.payroll.server.api,RemunerableFilter,6,71,0,0,0,20,2,12,2,12
API du serveur du module de rémunération,ci.gouv.dgbf.system.payroll.server.api,MovementTrackingFilter,0,3,0,0,0,1,0,1,0,1
API du serveur du module de rémunération,ci.gouv.dgbf.system.payroll.server.api,ExerciseDto,0,3,0,0,0,1,0,1,0,1
API du serveur du module de rémunération,ci.gouv.dgbf.system.payroll.server.api,PayrollCorrectionProposalService.ProcessResponseDto,0,35,0,0,0,8,0,2,0,2
API du serveur du module de rémunération,ci.gouv.dgbf.system.payroll.server.api,PayrollFunctionaryService.PayrollFunctionaryUpdateRequestDto,0,3,0,0,0,1,0,1,0,1
API du serveur du module de rémunération,ci.gouv.dgbf.system.payroll.server.api,FunctionaryBudgetarySectionUnitService.FunctionaryBudgetarySectionUnitGetManyResponseDto,0,3,0,0,0,1,0,1,0,1
API du serveur du module de rémunération,ci.gouv.dgbf.system.payroll.server.api,BudgetarySectionUnitMovementService.BudgetarySectionUnitMovementCreateRequestDto,0,3,0,0,0,1,0,1,0,1
